2024-12-24 17:03:06.639 [background-preinit] INFO  o.h.validator.internal.util.Version - HV000001: Hibernate Validator 8.0.1.Final
2024-12-24 17:03:06.696 [main] INFO  c.project.shopapp.ShopappApplication - Starting ShopappApplication using Java 17.0.10 with PID 9528 (D:\Git Desktop\hdv_tam\shopapp-backend-18\shopapp-backend\target\classes started by PHAM HOANG THAI in D:\Git Desktop\hdv_tam\shopapp-backend-18\shopapp-backend)
2024-12-24 17:03:06.699 [main] INFO  c.project.shopapp.ShopappApplication - No active profile set, falling back to 1 default profile: "default"
2024-12-24 17:03:08.081 [main] INFO  o.s.d.r.c.RepositoryConfigurationDelegate - Bootstrapping Spring Data JPA repositories in DEFAULT mode.
2024-12-24 17:03:08.191 [main] INFO  o.s.d.r.c.RepositoryConfigurationDelegate - Finished Spring Data repository scanning in 103 ms. Found 7 JPA repository interfaces.
2024-12-24 17:03:09.850 [main] INFO  o.s.b.w.e.tomcat.TomcatWebServer - Tomcat initialized with port(s): 8088 (http)
2024-12-24 17:03:09.876 [main] INFO  o.a.coyote.http11.Http11NioProtocol - Initializing ProtocolHandler ["http-nio-8088"]
2024-12-24 17:03:09.878 [main] INFO  o.a.catalina.core.StandardService - Starting service [Tomcat]
2024-12-24 17:03:09.878 [main] INFO  o.a.catalina.core.StandardEngine - Starting Servlet engine: [Apache Tomcat/10.1.11]
2024-12-24 17:03:10.071 [main] INFO  o.a.c.c.C.[Tomcat].[localhost].[/] - Initializing Spring embedded WebApplicationContext
2024-12-24 17:03:10.071 [main] INFO  o.s.b.w.s.c.ServletWebServerApplicationContext - Root WebApplicationContext: initialization completed in 3318 ms
2024-12-24 17:03:10.418 [main] INFO  o.h.jpa.internal.util.LogHelper - HHH000204: Processing PersistenceUnitInfo [name: default]
2024-12-24 17:03:10.590 [main] INFO  org.hibernate.Version - HHH000412: Hibernate ORM core version 6.2.6.Final
2024-12-24 17:03:10.598 [main] INFO  org.hibernate.cfg.Environment - HHH000406: Using bytecode reflection optimizer
2024-12-24 17:03:10.941 [main] INFO  o.h.b.i.BytecodeProviderInitiator - HHH000021: Bytecode provider name : bytebuddy
2024-12-24 17:03:11.201 [main] INFO  o.s.o.j.p.SpringPersistenceUnitInfo - No LoadTimeWeaver setup: ignoring JPA class transformer
2024-12-24 17:03:11.233 [main] INFO  com.zaxxer.hikari.HikariDataSource - HikariPool-1 - Starting...
2024-12-24 17:03:11.612 [main] INFO  com.zaxxer.hikari.pool.HikariPool - HikariPool-1 - Added connection com.mysql.cj.jdbc.ConnectionImpl@7740b0ab
2024-12-24 17:03:11.612 [main] INFO  com.zaxxer.hikari.HikariDataSource - HikariPool-1 - Start completed.
2024-12-24 17:03:11.656 [main] WARN  org.hibernate.orm.deprecation - HHH90000026: MySQL8Dialect has been deprecated; use org.hibernate.dialect.MySQLDialect instead
2024-12-24 17:03:12.027 [main] INFO  o.h.b.i.BytecodeProviderInitiator - HHH000021: Bytecode provider name : bytebuddy
2024-12-24 17:03:13.303 [main] INFO  o.h.e.t.j.p.i.JtaPlatformInitiator - HHH000490: Using JtaPlatform implementation: [org.hibernate.engine.transaction.jta.platform.internal.NoJtaPlatform]
2024-12-24 17:03:13.320 [main] INFO  o.s.o.j.LocalContainerEntityManagerFactoryBean - Initialized JPA EntityManagerFactory for persistence unit 'default'
2024-12-24 17:03:13.707 [main] WARN  o.s.b.a.o.j.JpaBaseConfiguration$JpaWebConfiguration - spring.jpa.open-in-view is enabled by default. Therefore, database queries may be performed during view rendering. Explicitly configure spring.jpa.open-in-view to disable this warning
2024-12-24 17:03:13.820 [main] INFO  o.s.d.j.r.query.QueryEnhancerFactory - Hibernate is in classpath; If applicable, HQL parser will be used.
2024-12-24 17:03:14.485 [main] DEBUG o.s.s.a.p.PrePostAnnotationSecurityMetadataSource - @org.springframework.security.access.prepost.PreAuthorize("hasRole(\'ROLE_ADMIN\')") found on specific method: public org.springframework.http.ResponseEntity com.project.shopapp.controllers.OrderController.getOrdersByKeyword(java.lang.String,int,int)
2024-12-24 17:03:14.502 [main] DEBUG o.s.s.a.m.DelegatingMethodSecurityMetadataSource - Caching method [CacheKey[com.project.shopapp.controllers.OrderController; public org.springframework.http.ResponseEntity com.project.shopapp.controllers.OrderController.getOrdersByKeyword(java.lang.String,int,int)]] with attributes [[authorize: 'hasRole('ROLE_ADMIN')', filter: 'null', filterTarget: 'null']]
2024-12-24 17:03:14.811 [main] INFO  o.s.s.web.DefaultSecurityFilterChain - Will secure any request with [org.springframework.security.web.session.DisableEncodeUrlFilter@29701f1f, org.springframework.security.web.context.request.async.WebAsyncManagerIntegrationFilter@2c36c62a, org.springframework.security.web.context.SecurityContextHolderFilter@23b81002, org.springframework.security.web.header.HeaderWriterFilter@497031ea, org.springframework.web.filter.CorsFilter@3a273e53, org.springframework.security.web.authentication.logout.LogoutFilter@7a56c3c7, com.project.shopapp.filters.JwtTokenFilter@589a4305, org.springframework.security.web.savedrequest.RequestCacheAwareFilter@7aaec50e, org.springframework.security.web.servletapi.SecurityContextHolderAwareRequestFilter@27ebe541, org.springframework.security.web.authentication.AnonymousAuthenticationFilter@2a4edf0b, org.springframework.security.web.access.ExceptionTranslationFilter@67d361fa, org.springframework.security.web.access.intercept.AuthorizationFilter@dd7b622]
2024-12-24 17:03:14.827 [main] WARN  o.s.s.c.a.web.builders.WebSecurity - 

********************************************************************
**********        Security debugging is enabled.       *************
**********    This may include sensitive information.  *************
**********      Do not use in a production system!     *************
********************************************************************


2024-12-24 17:03:15.077 [main] INFO  o.a.coyote.http11.Http11NioProtocol - Starting ProtocolHandler ["http-nio-8088"]
2024-12-24 17:03:15.119 [main] INFO  o.s.b.w.e.tomcat.TomcatWebServer - Tomcat started on port(s): 8088 (http) with context path ''
2024-12-24 17:03:15.119 [main] INFO  c.project.shopapp.ShopappApplication - Started ShopappApplication in 8.784 seconds (process running for 9.411)
2024-12-24 19:55:49.831 [background-preinit] INFO  o.h.validator.internal.util.Version - HV000001: Hibernate Validator 8.0.1.Final
2024-12-24 19:55:49.893 [main] INFO  c.project.shopapp.ShopappApplication - Starting ShopappApplication using Java 17.0.10 with PID 12332 (D:\Git Desktop\hdv_tam\shopapp-backend-18\shopapp-backend\target\classes started by PHAM HOANG THAI in D:\Git Desktop\hdv_tam\shopapp-backend-18\shopapp-backend)
2024-12-24 19:55:49.895 [main] INFO  c.project.shopapp.ShopappApplication - No active profile set, falling back to 1 default profile: "default"
2024-12-24 19:55:50.778 [main] INFO  o.s.d.r.c.RepositoryConfigurationDelegate - Bootstrapping Spring Data JPA repositories in DEFAULT mode.
2024-12-24 19:55:50.880 [main] INFO  o.s.d.r.c.RepositoryConfigurationDelegate - Finished Spring Data repository scanning in 80 ms. Found 7 JPA repository interfaces.
2024-12-24 19:55:51.558 [main] INFO  o.s.b.w.e.tomcat.TomcatWebServer - Tomcat initialized with port(s): 8088 (http)
2024-12-24 19:55:51.573 [main] INFO  o.a.coyote.http11.Http11NioProtocol - Initializing ProtocolHandler ["http-nio-8088"]
2024-12-24 19:55:51.573 [main] INFO  o.a.catalina.core.StandardService - Starting service [Tomcat]
2024-12-24 19:55:51.573 [main] INFO  o.a.catalina.core.StandardEngine - Starting Servlet engine: [Apache Tomcat/10.1.11]
2024-12-24 19:55:55.052 [background-preinit] INFO  o.h.validator.internal.util.Version - HV000001: Hibernate Validator 8.0.1.Final
2024-12-24 19:55:55.097 [main] INFO  c.project.shopapp.ShopappApplication - Starting ShopappApplication using Java 17.0.10 with PID 17908 (D:\Git Desktop\hdv_tam\shopapp-backend-18\shopapp-backend\target\classes started by PHAM HOANG THAI in D:\Git Desktop\hdv_tam\shopapp-backend-18\shopapp-backend)
2024-12-24 19:55:55.105 [main] INFO  c.project.shopapp.ShopappApplication - No active profile set, falling back to 1 default profile: "default"
2024-12-24 19:55:55.885 [main] INFO  o.s.d.r.c.RepositoryConfigurationDelegate - Bootstrapping Spring Data JPA repositories in DEFAULT mode.
2024-12-24 19:55:55.988 [main] INFO  o.s.d.r.c.RepositoryConfigurationDelegate - Finished Spring Data repository scanning in 87 ms. Found 7 JPA repository interfaces.
2024-12-24 19:55:56.801 [main] INFO  o.s.b.w.e.tomcat.TomcatWebServer - Tomcat initialized with port(s): 8088 (http)
2024-12-24 19:55:56.801 [main] INFO  o.a.coyote.http11.Http11NioProtocol - Initializing ProtocolHandler ["http-nio-8088"]
2024-12-24 19:55:56.818 [main] INFO  o.a.catalina.core.StandardService - Starting service [Tomcat]
2024-12-24 19:55:56.819 [main] INFO  o.a.catalina.core.StandardEngine - Starting Servlet engine: [Apache Tomcat/10.1.11]
2024-12-24 19:55:56.987 [main] INFO  o.a.c.c.C.[Tomcat].[localhost].[/] - Initializing Spring embedded WebApplicationContext
2024-12-24 19:55:56.987 [main] INFO  o.s.b.w.s.c.ServletWebServerApplicationContext - Root WebApplicationContext: initialization completed in 1831 ms
2024-12-24 19:55:57.215 [main] INFO  o.h.jpa.internal.util.LogHelper - HHH000204: Processing PersistenceUnitInfo [name: default]
2024-12-24 19:55:57.334 [main] INFO  org.hibernate.Version - HHH000412: Hibernate ORM core version 6.2.6.Final
2024-12-24 19:55:57.340 [main] INFO  org.hibernate.cfg.Environment - HHH000406: Using bytecode reflection optimizer
2024-12-24 19:55:57.532 [main] INFO  o.h.b.i.BytecodeProviderInitiator - HHH000021: Bytecode provider name : bytebuddy
2024-12-24 19:55:57.685 [main] INFO  o.s.o.j.p.SpringPersistenceUnitInfo - No LoadTimeWeaver setup: ignoring JPA class transformer
2024-12-24 19:55:57.715 [main] INFO  com.zaxxer.hikari.HikariDataSource - HikariPool-1 - Starting...
2024-12-24 19:55:57.946 [main] INFO  com.zaxxer.hikari.pool.HikariPool - HikariPool-1 - Added connection com.mysql.cj.jdbc.ConnectionImpl@6cf047cf
2024-12-24 19:55:57.946 [main] INFO  com.zaxxer.hikari.HikariDataSource - HikariPool-1 - Start completed.
2024-12-24 19:55:57.992 [main] WARN  org.hibernate.orm.deprecation - HHH90000026: MySQL8Dialect has been deprecated; use org.hibernate.dialect.MySQLDialect instead
2024-12-24 19:55:58.296 [main] INFO  o.h.b.i.BytecodeProviderInitiator - HHH000021: Bytecode provider name : bytebuddy
2024-12-24 19:55:59.225 [main] INFO  o.h.e.t.j.p.i.JtaPlatformInitiator - HHH000490: Using JtaPlatform implementation: [org.hibernate.engine.transaction.jta.platform.internal.NoJtaPlatform]
2024-12-24 19:55:59.225 [main] INFO  o.s.o.j.LocalContainerEntityManagerFactoryBean - Initialized JPA EntityManagerFactory for persistence unit 'default'
2024-12-24 19:55:59.625 [main] WARN  o.s.b.a.o.j.JpaBaseConfiguration$JpaWebConfiguration - spring.jpa.open-in-view is enabled by default. Therefore, database queries may be performed during view rendering. Explicitly configure spring.jpa.open-in-view to disable this warning
2024-12-24 19:55:59.735 [main] INFO  o.s.d.j.r.query.QueryEnhancerFactory - Hibernate is in classpath; If applicable, HQL parser will be used.
2024-12-24 19:56:00.384 [main] DEBUG o.s.s.a.p.PrePostAnnotationSecurityMetadataSource - @org.springframework.security.access.prepost.PreAuthorize("hasRole(\'ROLE_ADMIN\')") found on specific method: public org.springframework.http.ResponseEntity com.project.shopapp.controllers.OrderController.getOrdersByKeyword(java.lang.String,int,int)
2024-12-24 19:56:00.416 [main] DEBUG o.s.s.a.m.DelegatingMethodSecurityMetadataSource - Caching method [CacheKey[com.project.shopapp.controllers.OrderController; public org.springframework.http.ResponseEntity com.project.shopapp.controllers.OrderController.getOrdersByKeyword(java.lang.String,int,int)]] with attributes [[authorize: 'hasRole('ROLE_ADMIN')', filter: 'null', filterTarget: 'null']]
2024-12-24 19:56:00.790 [main] INFO  o.s.s.web.DefaultSecurityFilterChain - Will secure any request with [org.springframework.security.web.session.DisableEncodeUrlFilter@13cdfd26, org.springframework.security.web.context.request.async.WebAsyncManagerIntegrationFilter@78168463, org.springframework.security.web.context.SecurityContextHolderFilter@5c2086b4, org.springframework.security.web.header.HeaderWriterFilter@57e74053, org.springframework.web.filter.CorsFilter@619d0977, org.springframework.security.web.authentication.logout.LogoutFilter@d9e61f2, com.project.shopapp.filters.JwtTokenFilter@507fecf3, org.springframework.security.web.savedrequest.RequestCacheAwareFilter@23c2c96d, org.springframework.security.web.servletapi.SecurityContextHolderAwareRequestFilter@7d5caf3, org.springframework.security.web.authentication.AnonymousAuthenticationFilter@fff33b4, org.springframework.security.web.access.ExceptionTranslationFilter@3c5077f6, org.springframework.security.web.access.intercept.AuthorizationFilter@46ce6678]
2024-12-24 19:56:00.806 [main] WARN  o.s.s.c.a.web.builders.WebSecurity - 

********************************************************************
**********        Security debugging is enabled.       *************
**********    This may include sensitive information.  *************
**********      Do not use in a production system!     *************
********************************************************************


2024-12-24 19:56:01.077 [main] INFO  o.a.coyote.http11.Http11NioProtocol - Starting ProtocolHandler ["http-nio-8088"]
2024-12-24 19:56:01.102 [main] INFO  o.s.b.w.e.tomcat.TomcatWebServer - Tomcat started on port(s): 8088 (http) with context path ''
2024-12-24 19:56:01.123 [main] INFO  c.project.shopapp.ShopappApplication - Started ShopappApplication in 6.32 seconds (process running for 6.899)
2024-12-24 19:58:47.883 [http-nio-8088-exec-1] INFO  o.a.c.c.C.[Tomcat].[localhost].[/] - Initializing Spring DispatcherServlet 'dispatcherServlet'
2024-12-24 19:58:47.886 [http-nio-8088-exec-1] INFO  o.s.web.servlet.DispatcherServlet - Initializing Servlet 'dispatcherServlet'
2024-12-24 19:58:47.903 [http-nio-8088-exec-1] INFO  o.s.web.servlet.DispatcherServlet - Completed initialization in 16 ms
2024-12-24 19:58:47.926 [http-nio-8088-exec-2] INFO  Spring Security Debugger - 

************************************************************

Request received for OPTIONS '/api/v1/products?keyword=&category_id=0&page=0&limit=12':

org.apache.catalina.connector.RequestFacade@700c8f86

servletPath:/api/v1/products
pathInfo:null
headers: 
host: localhost:8088
connection: keep-alive
accept: */*
access-control-request-method: GET
access-control-request-headers: authorization
origin: http://localhost:4200
user-agent: Mozilla/5.0 (Windows NT 10.0; Win64; x64) AppleWebKit/537.36 (KHTML, like Gecko) Chrome/131.0.0.0 Safari/537.36
sec-fetch-mode: cors
sec-fetch-site: same-site
sec-fetch-dest: empty
referer: http://localhost:4200/
accept-encoding: gzip, deflate, br, zstd
accept-language: vi,en-US;q=0.9,en;q=0.8


Security filter chain: [
  DisableEncodeUrlFilter
  WebAsyncManagerIntegrationFilter
  SecurityContextHolderFilter
  HeaderWriterFilter
  CorsFilter
  LogoutFilter
  JwtTokenFilter
  RequestCacheAwareFilter
  SecurityContextHolderAwareRequestFilter
  AnonymousAuthenticationFilter
  ExceptionTranslationFilter
  AuthorizationFilter
]


************************************************************


2024-12-24 19:58:47.926 [http-nio-8088-exec-1] INFO  Spring Security Debugger - 

************************************************************

Request received for OPTIONS '/api/v1/categories?page=1&limit=100':

org.apache.catalina.connector.RequestFacade@648d8d59

servletPath:/api/v1/categories
pathInfo:null
headers: 
host: localhost:8088
connection: keep-alive
accept: */*
access-control-request-method: GET
access-control-request-headers: authorization
origin: http://localhost:4200
user-agent: Mozilla/5.0 (Windows NT 10.0; Win64; x64) AppleWebKit/537.36 (KHTML, like Gecko) Chrome/131.0.0.0 Safari/537.36
sec-fetch-mode: cors
sec-fetch-site: same-site
sec-fetch-dest: empty
referer: http://localhost:4200/
accept-encoding: gzip, deflate, br, zstd
accept-language: vi,en-US;q=0.9,en;q=0.8


Security filter chain: [
  DisableEncodeUrlFilter
  WebAsyncManagerIntegrationFilter
  SecurityContextHolderFilter
  HeaderWriterFilter
  CorsFilter
  LogoutFilter
  JwtTokenFilter
  RequestCacheAwareFilter
  SecurityContextHolderAwareRequestFilter
  AnonymousAuthenticationFilter
  ExceptionTranslationFilter
  AuthorizationFilter
]


************************************************************


2024-12-24 19:58:47.942 [http-nio-8088-exec-2] DEBUG o.s.security.web.FilterChainProxy - Securing OPTIONS /api/v1/products?keyword=&category_id=0&page=0&limit=12
2024-12-24 19:58:47.942 [http-nio-8088-exec-1] DEBUG o.s.security.web.FilterChainProxy - Securing OPTIONS /api/v1/categories?page=1&limit=100
2024-12-24 19:58:48.032 [http-nio-8088-exec-6] INFO  Spring Security Debugger - 

************************************************************

Request received for GET '/api/v1/products?keyword=&category_id=0&page=0&limit=12':

org.apache.catalina.connector.RequestFacade@7928f685

servletPath:/api/v1/products
pathInfo:null
headers: 
host: localhost:8088
connection: keep-alive
sec-ch-ua-platform: "Windows"
authorization: Bearer eyJhbGciOiJIUzI1NiJ9.eyJwaG9uZU51bWJlciI6IjExMjIzMzQ0IiwidXNlcklkIjozLCJzdWIiOiIxMTIyMzM0NCIsImV4cCI6MTczNzYyMzgwOX0.O5ENnuinDsknr2Hyz1ZoNc9cqXjbb0ix15fiw05gQVo
user-agent: Mozilla/5.0 (Windows NT 10.0; Win64; x64) AppleWebKit/537.36 (KHTML, like Gecko) Chrome/131.0.0.0 Safari/537.36
accept: application/json, text/plain, */*
sec-ch-ua: "Google Chrome";v="131", "Chromium";v="131", "Not_A Brand";v="24"
sec-ch-ua-mobile: ?0
origin: http://localhost:4200
sec-fetch-site: same-site
sec-fetch-mode: cors
sec-fetch-dest: empty
referer: http://localhost:4200/
accept-encoding: gzip, deflate, br, zstd
accept-language: vi,en-US;q=0.9,en;q=0.8


Security filter chain: [
  DisableEncodeUrlFilter
  WebAsyncManagerIntegrationFilter
  SecurityContextHolderFilter
  HeaderWriterFilter
  CorsFilter
  LogoutFilter
  JwtTokenFilter
  RequestCacheAwareFilter
  SecurityContextHolderAwareRequestFilter
  AnonymousAuthenticationFilter
  ExceptionTranslationFilter
  AuthorizationFilter
]


************************************************************


2024-12-24 19:58:48.032 [http-nio-8088-exec-4] INFO  Spring Security Debugger - 

************************************************************

Request received for GET '/api/v1/categories?page=1&limit=100':

org.apache.catalina.connector.RequestFacade@38409f1f

servletPath:/api/v1/categories
pathInfo:null
headers: 
host: localhost:8088
connection: keep-alive
sec-ch-ua-platform: "Windows"
authorization: Bearer eyJhbGciOiJIUzI1NiJ9.eyJwaG9uZU51bWJlciI6IjExMjIzMzQ0IiwidXNlcklkIjozLCJzdWIiOiIxMTIyMzM0NCIsImV4cCI6MTczNzYyMzgwOX0.O5ENnuinDsknr2Hyz1ZoNc9cqXjbb0ix15fiw05gQVo
user-agent: Mozilla/5.0 (Windows NT 10.0; Win64; x64) AppleWebKit/537.36 (KHTML, like Gecko) Chrome/131.0.0.0 Safari/537.36
accept: application/json, text/plain, */*
sec-ch-ua: "Google Chrome";v="131", "Chromium";v="131", "Not_A Brand";v="24"
sec-ch-ua-mobile: ?0
origin: http://localhost:4200
sec-fetch-site: same-site
sec-fetch-mode: cors
sec-fetch-dest: empty
referer: http://localhost:4200/
accept-encoding: gzip, deflate, br, zstd
accept-language: vi,en-US;q=0.9,en;q=0.8


Security filter chain: [
  DisableEncodeUrlFilter
  WebAsyncManagerIntegrationFilter
  SecurityContextHolderFilter
  HeaderWriterFilter
  CorsFilter
  LogoutFilter
  JwtTokenFilter
  RequestCacheAwareFilter
  SecurityContextHolderAwareRequestFilter
  AnonymousAuthenticationFilter
  ExceptionTranslationFilter
  AuthorizationFilter
]


************************************************************


2024-12-24 19:58:48.032 [http-nio-8088-exec-6] DEBUG o.s.security.web.FilterChainProxy - Securing GET /api/v1/products?keyword=&category_id=0&page=0&limit=12
2024-12-24 19:58:48.032 [http-nio-8088-exec-4] DEBUG o.s.security.web.FilterChainProxy - Securing GET /api/v1/categories?page=1&limit=100
2024-12-24 19:58:48.115 [http-nio-8088-exec-4] DEBUG o.s.security.web.FilterChainProxy - Secured GET /api/v1/categories?page=1&limit=100
2024-12-24 19:58:48.115 [http-nio-8088-exec-6] DEBUG o.s.security.web.FilterChainProxy - Secured GET /api/v1/products?keyword=&category_id=0&page=0&limit=12
2024-12-24 19:58:48.215 [http-nio-8088-exec-6] INFO  c.p.s.controllers.ProductController - keyword = , category_id = 0, page = 0, limit = 12
2024-12-24 19:58:48.708 [http-nio-8088-exec-4] DEBUG o.s.s.w.a.AnonymousAuthenticationFilter - Set SecurityContextHolder to anonymous SecurityContext
2024-12-24 19:58:48.893 [http-nio-8088-exec-6] DEBUG o.s.s.w.a.AnonymousAuthenticationFilter - Set SecurityContextHolder to anonymous SecurityContext
2024-12-24 19:58:48.930 [http-nio-8088-exec-7] INFO  Spring Security Debugger - 

************************************************************

Request received for GET '/api/v1/products/images/6ba6318c-ed8b-4f6d-9a9b-d8ca1c6e1afc_016.jpg':

org.apache.catalina.connector.RequestFacade@492932dc

servletPath:/api/v1/products/images/6ba6318c-ed8b-4f6d-9a9b-d8ca1c6e1afc_016.jpg
pathInfo:null
headers: 
host: localhost:8088
connection: keep-alive
sec-ch-ua-platform: "Windows"
user-agent: Mozilla/5.0 (Windows NT 10.0; Win64; x64) AppleWebKit/537.36 (KHTML, like Gecko) Chrome/131.0.0.0 Safari/537.36
sec-ch-ua: "Google Chrome";v="131", "Chromium";v="131", "Not_A Brand";v="24"
sec-ch-ua-mobile: ?0
accept: image/avif,image/webp,image/apng,image/svg+xml,image/*,*/*;q=0.8
sec-fetch-site: same-site
sec-fetch-mode: no-cors
sec-fetch-dest: image
referer: http://localhost:4200/
accept-encoding: gzip, deflate, br, zstd
accept-language: vi,en-US;q=0.9,en;q=0.8
cookie: Studio-379bdc9=2d7a0b63-2c21-4ce1-ab8e-304da45ce980; SESSION=Yzg4MWNkYmUtNjE5Mi00NjRkLWJmZDAtYWFjZjgyYzQ4ODBi


Security filter chain: [
  DisableEncodeUrlFilter
  WebAsyncManagerIntegrationFilter
  SecurityContextHolderFilter
  HeaderWriterFilter
  CorsFilter
  LogoutFilter
  JwtTokenFilter
  RequestCacheAwareFilter
  SecurityContextHolderAwareRequestFilter
  AnonymousAuthenticationFilter
  ExceptionTranslationFilter
  AuthorizationFilter
]


************************************************************


2024-12-24 19:58:48.930 [http-nio-8088-exec-3] INFO  Spring Security Debugger - 

************************************************************

Request received for GET '/api/v1/products/images/null':

org.apache.catalina.connector.RequestFacade@469975e

servletPath:/api/v1/products/images/null
pathInfo:null
headers: 
host: localhost:8088
connection: keep-alive
sec-ch-ua-platform: "Windows"
user-agent: Mozilla/5.0 (Windows NT 10.0; Win64; x64) AppleWebKit/537.36 (KHTML, like Gecko) Chrome/131.0.0.0 Safari/537.36
sec-ch-ua: "Google Chrome";v="131", "Chromium";v="131", "Not_A Brand";v="24"
sec-ch-ua-mobile: ?0
accept: image/avif,image/webp,image/apng,image/svg+xml,image/*,*/*;q=0.8
sec-fetch-site: same-site
sec-fetch-mode: no-cors
sec-fetch-dest: image
referer: http://localhost:4200/
accept-encoding: gzip, deflate, br, zstd
accept-language: vi,en-US;q=0.9,en;q=0.8
cookie: Studio-379bdc9=2d7a0b63-2c21-4ce1-ab8e-304da45ce980; SESSION=Yzg4MWNkYmUtNjE5Mi00NjRkLWJmZDAtYWFjZjgyYzQ4ODBi


Security filter chain: [
  DisableEncodeUrlFilter
  WebAsyncManagerIntegrationFilter
  SecurityContextHolderFilter
  HeaderWriterFilter
  CorsFilter
  LogoutFilter
  JwtTokenFilter
  RequestCacheAwareFilter
  SecurityContextHolderAwareRequestFilter
  AnonymousAuthenticationFilter
  ExceptionTranslationFilter
  AuthorizationFilter
]


************************************************************


2024-12-24 19:58:48.934 [http-nio-8088-exec-5] INFO  Spring Security Debugger - 

************************************************************

Request received for GET '/api/v1/products/images/f2fcda26-8304-48bc-9472-ead1c297770f_001.jpg':

org.apache.catalina.connector.RequestFacade@7393987c

servletPath:/api/v1/products/images/f2fcda26-8304-48bc-9472-ead1c297770f_001.jpg
pathInfo:null
headers: 
host: localhost:8088
connection: keep-alive
sec-ch-ua-platform: "Windows"
user-agent: Mozilla/5.0 (Windows NT 10.0; Win64; x64) AppleWebKit/537.36 (KHTML, like Gecko) Chrome/131.0.0.0 Safari/537.36
sec-ch-ua: "Google Chrome";v="131", "Chromium";v="131", "Not_A Brand";v="24"
sec-ch-ua-mobile: ?0
accept: image/avif,image/webp,image/apng,image/svg+xml,image/*,*/*;q=0.8
sec-fetch-site: same-site
sec-fetch-mode: no-cors
sec-fetch-dest: image
referer: http://localhost:4200/
accept-encoding: gzip, deflate, br, zstd
accept-language: vi,en-US;q=0.9,en;q=0.8
cookie: Studio-379bdc9=2d7a0b63-2c21-4ce1-ab8e-304da45ce980; SESSION=Yzg4MWNkYmUtNjE5Mi00NjRkLWJmZDAtYWFjZjgyYzQ4ODBi


Security filter chain: [
  DisableEncodeUrlFilter
  WebAsyncManagerIntegrationFilter
  SecurityContextHolderFilter
  HeaderWriterFilter
  CorsFilter
  LogoutFilter
  JwtTokenFilter
  RequestCacheAwareFilter
  SecurityContextHolderAwareRequestFilter
  AnonymousAuthenticationFilter
  ExceptionTranslationFilter
  AuthorizationFilter
]


************************************************************


2024-12-24 19:58:48.935 [http-nio-8088-exec-9] INFO  Spring Security Debugger - 

************************************************************

Request received for GET '/api/v1/products/images/3036dff0-72cd-48d4-9efd-7221f41fc61d_022.jpg':

org.apache.catalina.connector.RequestFacade@5058f115

servletPath:/api/v1/products/images/3036dff0-72cd-48d4-9efd-7221f41fc61d_022.jpg
pathInfo:null
headers: 
host: localhost:8088
connection: keep-alive
sec-ch-ua-platform: "Windows"
user-agent: Mozilla/5.0 (Windows NT 10.0; Win64; x64) AppleWebKit/537.36 (KHTML, like Gecko) Chrome/131.0.0.0 Safari/537.36
sec-ch-ua: "Google Chrome";v="131", "Chromium";v="131", "Not_A Brand";v="24"
sec-ch-ua-mobile: ?0
accept: image/avif,image/webp,image/apng,image/svg+xml,image/*,*/*;q=0.8
sec-fetch-site: same-site
sec-fetch-mode: no-cors
sec-fetch-dest: image
referer: http://localhost:4200/
accept-encoding: gzip, deflate, br, zstd
accept-language: vi,en-US;q=0.9,en;q=0.8
cookie: Studio-379bdc9=2d7a0b63-2c21-4ce1-ab8e-304da45ce980; SESSION=Yzg4MWNkYmUtNjE5Mi00NjRkLWJmZDAtYWFjZjgyYzQ4ODBi


Security filter chain: [
  DisableEncodeUrlFilter
  WebAsyncManagerIntegrationFilter
  SecurityContextHolderFilter
  HeaderWriterFilter
  CorsFilter
  LogoutFilter
  JwtTokenFilter
  RequestCacheAwareFilter
  SecurityContextHolderAwareRequestFilter
  AnonymousAuthenticationFilter
  ExceptionTranslationFilter
  AuthorizationFilter
]


************************************************************


2024-12-24 19:58:48.937 [http-nio-8088-exec-8] INFO  Spring Security Debugger - 

************************************************************

Request received for GET '/api/v1/products/images/c4bd25e4-620c-44fc-9f69-22edde299a8f_011.jpg':

org.apache.catalina.connector.RequestFacade@40a0ae96

servletPath:/api/v1/products/images/c4bd25e4-620c-44fc-9f69-22edde299a8f_011.jpg
pathInfo:null
headers: 
host: localhost:8088
connection: keep-alive
sec-ch-ua-platform: "Windows"
user-agent: Mozilla/5.0 (Windows NT 10.0; Win64; x64) AppleWebKit/537.36 (KHTML, like Gecko) Chrome/131.0.0.0 Safari/537.36
sec-ch-ua: "Google Chrome";v="131", "Chromium";v="131", "Not_A Brand";v="24"
sec-ch-ua-mobile: ?0
accept: image/avif,image/webp,image/apng,image/svg+xml,image/*,*/*;q=0.8
sec-fetch-site: same-site
sec-fetch-mode: no-cors
sec-fetch-dest: image
referer: http://localhost:4200/
accept-encoding: gzip, deflate, br, zstd
accept-language: vi,en-US;q=0.9,en;q=0.8
cookie: Studio-379bdc9=2d7a0b63-2c21-4ce1-ab8e-304da45ce980; SESSION=Yzg4MWNkYmUtNjE5Mi00NjRkLWJmZDAtYWFjZjgyYzQ4ODBi


Security filter chain: [
  DisableEncodeUrlFilter
  WebAsyncManagerIntegrationFilter
  SecurityContextHolderFilter
  HeaderWriterFilter
  CorsFilter
  LogoutFilter
  JwtTokenFilter
  RequestCacheAwareFilter
  SecurityContextHolderAwareRequestFilter
  AnonymousAuthenticationFilter
  ExceptionTranslationFilter
  AuthorizationFilter
]


************************************************************


2024-12-24 19:58:48.941 [http-nio-8088-exec-7] DEBUG o.s.security.web.FilterChainProxy - Securing GET /api/v1/products/images/6ba6318c-ed8b-4f6d-9a9b-d8ca1c6e1afc_016.jpg
2024-12-24 19:58:48.946 [http-nio-8088-exec-10] INFO  Spring Security Debugger - 

************************************************************

Request received for GET '/api/v1/products/images/326235eb-015b-4176-8977-fb96df932557_032.jpg':

org.apache.catalina.connector.RequestFacade@7bec301f

servletPath:/api/v1/products/images/326235eb-015b-4176-8977-fb96df932557_032.jpg
pathInfo:null
headers: 
host: localhost:8088
connection: keep-alive
sec-ch-ua-platform: "Windows"
user-agent: Mozilla/5.0 (Windows NT 10.0; Win64; x64) AppleWebKit/537.36 (KHTML, like Gecko) Chrome/131.0.0.0 Safari/537.36
sec-ch-ua: "Google Chrome";v="131", "Chromium";v="131", "Not_A Brand";v="24"
sec-ch-ua-mobile: ?0
accept: image/avif,image/webp,image/apng,image/svg+xml,image/*,*/*;q=0.8
sec-fetch-site: same-site
sec-fetch-mode: no-cors
sec-fetch-dest: image
referer: http://localhost:4200/
accept-encoding: gzip, deflate, br, zstd
accept-language: vi,en-US;q=0.9,en;q=0.8
cookie: Studio-379bdc9=2d7a0b63-2c21-4ce1-ab8e-304da45ce980; SESSION=Yzg4MWNkYmUtNjE5Mi00NjRkLWJmZDAtYWFjZjgyYzQ4ODBi


Security filter chain: [
  DisableEncodeUrlFilter
  WebAsyncManagerIntegrationFilter
  SecurityContextHolderFilter
  HeaderWriterFilter
  CorsFilter
  LogoutFilter
  JwtTokenFilter
  RequestCacheAwareFilter
  SecurityContextHolderAwareRequestFilter
  AnonymousAuthenticationFilter
  ExceptionTranslationFilter
  AuthorizationFilter
]


************************************************************


2024-12-24 19:58:48.952 [http-nio-8088-exec-3] DEBUG o.s.security.web.FilterChainProxy - Securing GET /api/v1/products/images/null
2024-12-24 19:58:48.958 [http-nio-8088-exec-5] DEBUG o.s.security.web.FilterChainProxy - Securing GET /api/v1/products/images/f2fcda26-8304-48bc-9472-ead1c297770f_001.jpg
2024-12-24 19:58:48.961 [http-nio-8088-exec-3] DEBUG o.s.security.web.FilterChainProxy - Secured GET /api/v1/products/images/null
2024-12-24 19:58:48.967 [http-nio-8088-exec-9] DEBUG o.s.security.web.FilterChainProxy - Securing GET /api/v1/products/images/3036dff0-72cd-48d4-9efd-7221f41fc61d_022.jpg
2024-12-24 19:58:48.967 [http-nio-8088-exec-8] DEBUG o.s.security.web.FilterChainProxy - Securing GET /api/v1/products/images/c4bd25e4-620c-44fc-9f69-22edde299a8f_011.jpg
2024-12-24 19:58:48.983 [http-nio-8088-exec-7] DEBUG o.s.security.web.FilterChainProxy - Secured GET /api/v1/products/images/6ba6318c-ed8b-4f6d-9a9b-d8ca1c6e1afc_016.jpg
2024-12-24 19:58:48.988 [http-nio-8088-exec-10] DEBUG o.s.security.web.FilterChainProxy - Securing GET /api/v1/products/images/326235eb-015b-4176-8977-fb96df932557_032.jpg
2024-12-24 19:58:48.992 [http-nio-8088-exec-10] DEBUG o.s.security.web.FilterChainProxy - Secured GET /api/v1/products/images/326235eb-015b-4176-8977-fb96df932557_032.jpg
2024-12-24 19:58:49.004 [http-nio-8088-exec-9] DEBUG o.s.security.web.FilterChainProxy - Secured GET /api/v1/products/images/3036dff0-72cd-48d4-9efd-7221f41fc61d_022.jpg
2024-12-24 19:58:49.006 [http-nio-8088-exec-8] DEBUG o.s.security.web.FilterChainProxy - Secured GET /api/v1/products/images/c4bd25e4-620c-44fc-9f69-22edde299a8f_011.jpg
2024-12-24 19:58:49.076 [http-nio-8088-exec-7] DEBUG o.s.s.w.a.AnonymousAuthenticationFilter - Set SecurityContextHolder to anonymous SecurityContext
2024-12-24 19:58:49.076 [http-nio-8088-exec-10] DEBUG o.s.s.w.a.AnonymousAuthenticationFilter - Set SecurityContextHolder to anonymous SecurityContext
2024-12-24 19:58:49.079 [http-nio-8088-exec-3] DEBUG o.s.s.w.a.AnonymousAuthenticationFilter - Set SecurityContextHolder to anonymous SecurityContext
2024-12-24 19:58:49.088 [http-nio-8088-exec-5] DEBUG o.s.security.web.FilterChainProxy - Secured GET /api/v1/products/images/f2fcda26-8304-48bc-9472-ead1c297770f_001.jpg
2024-12-24 19:58:49.099 [http-nio-8088-exec-1] INFO  Spring Security Debugger - 

************************************************************

Request received for GET '/api/v1/products/images/3d3097a5-38dc-45b7-81be-7300816ab4b9_037.jpg':

org.apache.catalina.connector.RequestFacade@a2586ef

servletPath:/api/v1/products/images/3d3097a5-38dc-45b7-81be-7300816ab4b9_037.jpg
pathInfo:null
headers: 
host: localhost:8088
connection: keep-alive
sec-ch-ua-platform: "Windows"
user-agent: Mozilla/5.0 (Windows NT 10.0; Win64; x64) AppleWebKit/537.36 (KHTML, like Gecko) Chrome/131.0.0.0 Safari/537.36
sec-ch-ua: "Google Chrome";v="131", "Chromium";v="131", "Not_A Brand";v="24"
sec-ch-ua-mobile: ?0
accept: image/avif,image/webp,image/apng,image/svg+xml,image/*,*/*;q=0.8
sec-fetch-site: same-site
sec-fetch-mode: no-cors
sec-fetch-dest: image
referer: http://localhost:4200/
accept-encoding: gzip, deflate, br, zstd
accept-language: vi,en-US;q=0.9,en;q=0.8
cookie: Studio-379bdc9=2d7a0b63-2c21-4ce1-ab8e-304da45ce980; SESSION=Yzg4MWNkYmUtNjE5Mi00NjRkLWJmZDAtYWFjZjgyYzQ4ODBi


Security filter chain: [
  DisableEncodeUrlFilter
  WebAsyncManagerIntegrationFilter
  SecurityContextHolderFilter
  HeaderWriterFilter
  CorsFilter
  LogoutFilter
  JwtTokenFilter
  RequestCacheAwareFilter
  SecurityContextHolderAwareRequestFilter
  AnonymousAuthenticationFilter
  ExceptionTranslationFilter
  AuthorizationFilter
]


************************************************************


2024-12-24 19:58:49.099 [http-nio-8088-exec-2] INFO  Spring Security Debugger - 

************************************************************

Request received for GET '/api/v1/products/images/cf00f484-f8a4-4b9a-8a9f-ef74bfd7ebcf_045.jpg':

org.apache.catalina.connector.RequestFacade@63c1a04e

servletPath:/api/v1/products/images/cf00f484-f8a4-4b9a-8a9f-ef74bfd7ebcf_045.jpg
pathInfo:null
headers: 
host: localhost:8088
connection: keep-alive
sec-ch-ua-platform: "Windows"
user-agent: Mozilla/5.0 (Windows NT 10.0; Win64; x64) AppleWebKit/537.36 (KHTML, like Gecko) Chrome/131.0.0.0 Safari/537.36
sec-ch-ua: "Google Chrome";v="131", "Chromium";v="131", "Not_A Brand";v="24"
sec-ch-ua-mobile: ?0
accept: image/avif,image/webp,image/apng,image/svg+xml,image/*,*/*;q=0.8
sec-fetch-site: same-site
sec-fetch-mode: no-cors
sec-fetch-dest: image
referer: http://localhost:4200/
accept-encoding: gzip, deflate, br, zstd
accept-language: vi,en-US;q=0.9,en;q=0.8
cookie: Studio-379bdc9=2d7a0b63-2c21-4ce1-ab8e-304da45ce980; SESSION=Yzg4MWNkYmUtNjE5Mi00NjRkLWJmZDAtYWFjZjgyYzQ4ODBi


Security filter chain: [
  DisableEncodeUrlFilter
  WebAsyncManagerIntegrationFilter
  SecurityContextHolderFilter
  HeaderWriterFilter
  CorsFilter
  LogoutFilter
  JwtTokenFilter
  RequestCacheAwareFilter
  SecurityContextHolderAwareRequestFilter
  AnonymousAuthenticationFilter
  ExceptionTranslationFilter
  AuthorizationFilter
]


************************************************************


2024-12-24 19:58:49.112 [http-nio-8088-exec-4] INFO  Spring Security Debugger - 

************************************************************

Request received for GET '/api/v1/products/images/862e0948-8961-4c2a-b76a-f2322c846a4b_050.jpg':

org.apache.catalina.connector.RequestFacade@d1089ff

servletPath:/api/v1/products/images/862e0948-8961-4c2a-b76a-f2322c846a4b_050.jpg
pathInfo:null
headers: 
host: localhost:8088
connection: keep-alive
sec-ch-ua-platform: "Windows"
user-agent: Mozilla/5.0 (Windows NT 10.0; Win64; x64) AppleWebKit/537.36 (KHTML, like Gecko) Chrome/131.0.0.0 Safari/537.36
sec-ch-ua: "Google Chrome";v="131", "Chromium";v="131", "Not_A Brand";v="24"
sec-ch-ua-mobile: ?0
accept: image/avif,image/webp,image/apng,image/svg+xml,image/*,*/*;q=0.8
sec-fetch-site: same-site
sec-fetch-mode: no-cors
sec-fetch-dest: image
referer: http://localhost:4200/
accept-encoding: gzip, deflate, br, zstd
accept-language: vi,en-US;q=0.9,en;q=0.8
cookie: Studio-379bdc9=2d7a0b63-2c21-4ce1-ab8e-304da45ce980; SESSION=Yzg4MWNkYmUtNjE5Mi00NjRkLWJmZDAtYWFjZjgyYzQ4ODBi


Security filter chain: [
  DisableEncodeUrlFilter
  WebAsyncManagerIntegrationFilter
  SecurityContextHolderFilter
  HeaderWriterFilter
  CorsFilter
  LogoutFilter
  JwtTokenFilter
  RequestCacheAwareFilter
  SecurityContextHolderAwareRequestFilter
  AnonymousAuthenticationFilter
  ExceptionTranslationFilter
  AuthorizationFilter
]


************************************************************


2024-12-24 19:58:49.121 [http-nio-8088-exec-8] DEBUG o.s.s.w.a.AnonymousAuthenticationFilter - Set SecurityContextHolder to anonymous SecurityContext
2024-12-24 19:58:49.124 [http-nio-8088-exec-9] DEBUG o.s.s.w.a.AnonymousAuthenticationFilter - Set SecurityContextHolder to anonymous SecurityContext
2024-12-24 19:58:49.125 [http-nio-8088-exec-1] DEBUG o.s.security.web.FilterChainProxy - Securing GET /api/v1/products/images/3d3097a5-38dc-45b7-81be-7300816ab4b9_037.jpg
2024-12-24 19:58:49.134 [http-nio-8088-exec-6] INFO  Spring Security Debugger - 

************************************************************

Request received for GET '/api/v1/products/images/c86bb69d-e5a2-4c93-8f0a-87504a8966ea_064.jpg':

org.apache.catalina.connector.RequestFacade@72dc0f13

servletPath:/api/v1/products/images/c86bb69d-e5a2-4c93-8f0a-87504a8966ea_064.jpg
pathInfo:null
headers: 
host: localhost:8088
connection: keep-alive
sec-ch-ua-platform: "Windows"
user-agent: Mozilla/5.0 (Windows NT 10.0; Win64; x64) AppleWebKit/537.36 (KHTML, like Gecko) Chrome/131.0.0.0 Safari/537.36
sec-ch-ua: "Google Chrome";v="131", "Chromium";v="131", "Not_A Brand";v="24"
sec-ch-ua-mobile: ?0
accept: image/avif,image/webp,image/apng,image/svg+xml,image/*,*/*;q=0.8
sec-fetch-site: same-site
sec-fetch-mode: no-cors
sec-fetch-dest: image
referer: http://localhost:4200/
accept-encoding: gzip, deflate, br, zstd
accept-language: vi,en-US;q=0.9,en;q=0.8
cookie: Studio-379bdc9=2d7a0b63-2c21-4ce1-ab8e-304da45ce980; SESSION=Yzg4MWNkYmUtNjE5Mi00NjRkLWJmZDAtYWFjZjgyYzQ4ODBi


Security filter chain: [
  DisableEncodeUrlFilter
  WebAsyncManagerIntegrationFilter
  SecurityContextHolderFilter
  HeaderWriterFilter
  CorsFilter
  LogoutFilter
  JwtTokenFilter
  RequestCacheAwareFilter
  SecurityContextHolderAwareRequestFilter
  AnonymousAuthenticationFilter
  ExceptionTranslationFilter
  AuthorizationFilter
]


************************************************************


2024-12-24 19:58:49.135 [http-nio-8088-exec-2] DEBUG o.s.security.web.FilterChainProxy - Securing GET /api/v1/products/images/cf00f484-f8a4-4b9a-8a9f-ef74bfd7ebcf_045.jpg
2024-12-24 19:58:49.135 [http-nio-8088-exec-4] DEBUG o.s.security.web.FilterChainProxy - Securing GET /api/v1/products/images/862e0948-8961-4c2a-b76a-f2322c846a4b_050.jpg
2024-12-24 19:58:49.147 [http-nio-8088-exec-5] DEBUG o.s.s.w.a.AnonymousAuthenticationFilter - Set SecurityContextHolder to anonymous SecurityContext
2024-12-24 19:58:49.185 [http-nio-8088-exec-8] INFO  Spring Security Debugger - 

************************************************************

Request received for GET '/api/v1/products/images/d152fdfd-6c49-440c-a249-8fdc08646333_055.jpg':

org.apache.catalina.connector.RequestFacade@4e6758f2

servletPath:/api/v1/products/images/d152fdfd-6c49-440c-a249-8fdc08646333_055.jpg
pathInfo:null
headers: 
host: localhost:8088
connection: keep-alive
sec-ch-ua-platform: "Windows"
user-agent: Mozilla/5.0 (Windows NT 10.0; Win64; x64) AppleWebKit/537.36 (KHTML, like Gecko) Chrome/131.0.0.0 Safari/537.36
sec-ch-ua: "Google Chrome";v="131", "Chromium";v="131", "Not_A Brand";v="24"
sec-ch-ua-mobile: ?0
accept: image/avif,image/webp,image/apng,image/svg+xml,image/*,*/*;q=0.8
sec-fetch-site: same-site
sec-fetch-mode: no-cors
sec-fetch-dest: image
referer: http://localhost:4200/
accept-encoding: gzip, deflate, br, zstd
accept-language: vi,en-US;q=0.9,en;q=0.8
cookie: Studio-379bdc9=2d7a0b63-2c21-4ce1-ab8e-304da45ce980; SESSION=Yzg4MWNkYmUtNjE5Mi00NjRkLWJmZDAtYWFjZjgyYzQ4ODBi


Security filter chain: [
  DisableEncodeUrlFilter
  WebAsyncManagerIntegrationFilter
  SecurityContextHolderFilter
  HeaderWriterFilter
  CorsFilter
  LogoutFilter
  JwtTokenFilter
  RequestCacheAwareFilter
  SecurityContextHolderAwareRequestFilter
  AnonymousAuthenticationFilter
  ExceptionTranslationFilter
  AuthorizationFilter
]


************************************************************


2024-12-24 19:58:49.196 [http-nio-8088-exec-6] DEBUG o.s.security.web.FilterChainProxy - Securing GET /api/v1/products/images/c86bb69d-e5a2-4c93-8f0a-87504a8966ea_064.jpg
2024-12-24 19:58:49.201 [http-nio-8088-exec-1] DEBUG o.s.security.web.FilterChainProxy - Secured GET /api/v1/products/images/3d3097a5-38dc-45b7-81be-7300816ab4b9_037.jpg
2024-12-24 19:58:49.201 [http-nio-8088-exec-2] DEBUG o.s.security.web.FilterChainProxy - Secured GET /api/v1/products/images/cf00f484-f8a4-4b9a-8a9f-ef74bfd7ebcf_045.jpg
2024-12-24 19:58:49.230 [http-nio-8088-exec-8] DEBUG o.s.security.web.FilterChainProxy - Securing GET /api/v1/products/images/d152fdfd-6c49-440c-a249-8fdc08646333_055.jpg
2024-12-24 19:58:49.230 [http-nio-8088-exec-6] DEBUG o.s.security.web.FilterChainProxy - Secured GET /api/v1/products/images/c86bb69d-e5a2-4c93-8f0a-87504a8966ea_064.jpg
2024-12-24 19:58:49.230 [http-nio-8088-exec-5] INFO  Spring Security Debugger - 

************************************************************

Request received for GET '/api/v1/products/images/dafed832-a59c-41ad-bc60-011fadaf8020_069.jpg':

org.apache.catalina.connector.RequestFacade@44ed8e29

servletPath:/api/v1/products/images/dafed832-a59c-41ad-bc60-011fadaf8020_069.jpg
pathInfo:null
headers: 
host: localhost:8088
connection: keep-alive
sec-ch-ua-platform: "Windows"
user-agent: Mozilla/5.0 (Windows NT 10.0; Win64; x64) AppleWebKit/537.36 (KHTML, like Gecko) Chrome/131.0.0.0 Safari/537.36
sec-ch-ua: "Google Chrome";v="131", "Chromium";v="131", "Not_A Brand";v="24"
sec-ch-ua-mobile: ?0
accept: image/avif,image/webp,image/apng,image/svg+xml,image/*,*/*;q=0.8
sec-fetch-site: same-site
sec-fetch-mode: no-cors
sec-fetch-dest: image
referer: http://localhost:4200/
accept-encoding: gzip, deflate, br, zstd
accept-language: vi,en-US;q=0.9,en;q=0.8
cookie: Studio-379bdc9=2d7a0b63-2c21-4ce1-ab8e-304da45ce980; SESSION=Yzg4MWNkYmUtNjE5Mi00NjRkLWJmZDAtYWFjZjgyYzQ4ODBi


Security filter chain: [
  DisableEncodeUrlFilter
  WebAsyncManagerIntegrationFilter
  SecurityContextHolderFilter
  HeaderWriterFilter
  CorsFilter
  LogoutFilter
  JwtTokenFilter
  RequestCacheAwareFilter
  SecurityContextHolderAwareRequestFilter
  AnonymousAuthenticationFilter
  ExceptionTranslationFilter
  AuthorizationFilter
]


************************************************************


2024-12-24 19:58:49.281 [http-nio-8088-exec-5] DEBUG o.s.security.web.FilterChainProxy - Securing GET /api/v1/products/images/dafed832-a59c-41ad-bc60-011fadaf8020_069.jpg
2024-12-24 19:58:49.292 [http-nio-8088-exec-8] DEBUG o.s.security.web.FilterChainProxy - Secured GET /api/v1/products/images/d152fdfd-6c49-440c-a249-8fdc08646333_055.jpg
2024-12-24 19:58:49.295 [http-nio-8088-exec-2] DEBUG o.s.s.w.a.AnonymousAuthenticationFilter - Set SecurityContextHolder to anonymous SecurityContext
2024-12-24 19:58:49.296 [http-nio-8088-exec-4] DEBUG o.s.security.web.FilterChainProxy - Secured GET /api/v1/products/images/862e0948-8961-4c2a-b76a-f2322c846a4b_050.jpg
2024-12-24 19:58:49.312 [http-nio-8088-exec-6] DEBUG o.s.s.w.a.AnonymousAuthenticationFilter - Set SecurityContextHolder to anonymous SecurityContext
2024-12-24 19:58:49.352 [http-nio-8088-exec-1] DEBUG o.s.s.w.a.AnonymousAuthenticationFilter - Set SecurityContextHolder to anonymous SecurityContext
2024-12-24 19:58:49.363 [http-nio-8088-exec-4] DEBUG o.s.s.w.a.AnonymousAuthenticationFilter - Set SecurityContextHolder to anonymous SecurityContext
2024-12-24 19:58:49.369 [http-nio-8088-exec-5] DEBUG o.s.security.web.FilterChainProxy - Secured GET /api/v1/products/images/dafed832-a59c-41ad-bc60-011fadaf8020_069.jpg
2024-12-24 19:58:49.374 [http-nio-8088-exec-8] DEBUG o.s.s.w.a.AnonymousAuthenticationFilter - Set SecurityContextHolder to anonymous SecurityContext
2024-12-24 19:58:49.410 [http-nio-8088-exec-5] DEBUG o.s.s.w.a.AnonymousAuthenticationFilter - Set SecurityContextHolder to anonymous SecurityContext
2024-12-24 19:58:51.462 [http-nio-8088-exec-7] INFO  Spring Security Debugger - 

************************************************************

Request received for OPTIONS '/api/v1/users/details':

org.apache.catalina.connector.RequestFacade@5e041c6

servletPath:/api/v1/users/details
pathInfo:null
headers: 
host: localhost:8088
connection: keep-alive
accept: */*
access-control-request-method: POST
access-control-request-headers: authorization,content-type
origin: http://localhost:4200
user-agent: Mozilla/5.0 (Windows NT 10.0; Win64; x64) AppleWebKit/537.36 (KHTML, like Gecko) Chrome/131.0.0.0 Safari/537.36
sec-fetch-mode: cors
sec-fetch-site: same-site
sec-fetch-dest: empty
referer: http://localhost:4200/
accept-encoding: gzip, deflate, br, zstd
accept-language: vi,en-US;q=0.9,en;q=0.8


Security filter chain: [
  DisableEncodeUrlFilter
  WebAsyncManagerIntegrationFilter
  SecurityContextHolderFilter
  HeaderWriterFilter
  CorsFilter
  LogoutFilter
  JwtTokenFilter
  RequestCacheAwareFilter
  SecurityContextHolderAwareRequestFilter
  AnonymousAuthenticationFilter
  ExceptionTranslationFilter
  AuthorizationFilter
]


************************************************************


2024-12-24 19:58:51.464 [http-nio-8088-exec-7] DEBUG o.s.security.web.FilterChainProxy - Securing OPTIONS /api/v1/users/details
2024-12-24 19:58:51.470 [http-nio-8088-exec-10] INFO  Spring Security Debugger - 

************************************************************

Request received for POST '/api/v1/users/details':

org.apache.catalina.connector.RequestFacade@752bd112

servletPath:/api/v1/users/details
pathInfo:null
headers: 
host: localhost:8088
connection: keep-alive
content-length: 52
sec-ch-ua-platform: "Windows"
authorization: Bearer eyJhbGciOiJIUzI1NiJ9.eyJwaG9uZU51bWJlciI6IjExMjIzMzQ0IiwidXNlcklkIjozLCJzdWIiOiIxMTIyMzM0NCIsImV4cCI6MTczNzYyMzgwOX0.O5ENnuinDsknr2Hyz1ZoNc9cqXjbb0ix15fiw05gQVo
user-agent: Mozilla/5.0 (Windows NT 10.0; Win64; x64) AppleWebKit/537.36 (KHTML, like Gecko) Chrome/131.0.0.0 Safari/537.36
accept: application/json, text/plain, */*
sec-ch-ua: "Google Chrome";v="131", "Chromium";v="131", "Not_A Brand";v="24"
content-type: application/json
sec-ch-ua-mobile: ?0
origin: http://localhost:4200
sec-fetch-site: same-site
sec-fetch-mode: cors
sec-fetch-dest: empty
referer: http://localhost:4200/
accept-encoding: gzip, deflate, br, zstd
accept-language: vi,en-US;q=0.9,en;q=0.8


Security filter chain: [
  DisableEncodeUrlFilter
  WebAsyncManagerIntegrationFilter
  SecurityContextHolderFilter
  HeaderWriterFilter
  CorsFilter
  LogoutFilter
  JwtTokenFilter
  RequestCacheAwareFilter
  SecurityContextHolderAwareRequestFilter
  AnonymousAuthenticationFilter
  ExceptionTranslationFilter
  AuthorizationFilter
]


************************************************************


2024-12-24 19:58:51.472 [http-nio-8088-exec-10] DEBUG o.s.security.web.FilterChainProxy - Securing POST /api/v1/users/details
2024-12-24 19:58:51.684 [http-nio-8088-exec-10] DEBUG o.s.security.web.FilterChainProxy - Secured POST /api/v1/users/details
2024-12-24 19:58:54.693 [http-nio-8088-exec-5] INFO  Spring Security Debugger - 

************************************************************

Request received for GET '/api/v1/roles':

org.apache.catalina.connector.RequestFacade@75701d6f

servletPath:/api/v1/roles
pathInfo:null
headers: 
host: localhost:8088
connection: keep-alive
sec-ch-ua-platform: "Windows"
user-agent: Mozilla/5.0 (Windows NT 10.0; Win64; x64) AppleWebKit/537.36 (KHTML, like Gecko) Chrome/131.0.0.0 Safari/537.36
accept: application/json, text/plain, */*
sec-ch-ua: "Google Chrome";v="131", "Chromium";v="131", "Not_A Brand";v="24"
sec-ch-ua-mobile: ?0
origin: http://localhost:4200
sec-fetch-site: same-site
sec-fetch-mode: cors
sec-fetch-dest: empty
referer: http://localhost:4200/
accept-encoding: gzip, deflate, br, zstd
accept-language: vi,en-US;q=0.9,en;q=0.8


Security filter chain: [
  DisableEncodeUrlFilter
  WebAsyncManagerIntegrationFilter
  SecurityContextHolderFilter
  HeaderWriterFilter
  CorsFilter
  LogoutFilter
  JwtTokenFilter
  RequestCacheAwareFilter
  SecurityContextHolderAwareRequestFilter
  AnonymousAuthenticationFilter
  ExceptionTranslationFilter
  AuthorizationFilter
]


************************************************************


2024-12-24 19:58:54.697 [http-nio-8088-exec-5] DEBUG o.s.security.web.FilterChainProxy - Securing GET /api/v1/roles
2024-12-24 19:58:54.698 [http-nio-8088-exec-5] DEBUG o.s.security.web.FilterChainProxy - Secured GET /api/v1/roles
2024-12-24 19:58:54.726 [http-nio-8088-exec-5] DEBUG o.s.s.w.a.AnonymousAuthenticationFilter - Set SecurityContextHolder to anonymous SecurityContext
2024-12-24 19:59:02.752 [http-nio-8088-exec-3] INFO  Spring Security Debugger - 

************************************************************

Request received for OPTIONS '/api/v1/users/login':

org.apache.catalina.connector.RequestFacade@3cc05814

servletPath:/api/v1/users/login
pathInfo:null
headers: 
host: localhost:8088
connection: keep-alive
accept: */*
access-control-request-method: POST
access-control-request-headers: content-type
origin: http://localhost:4200
user-agent: Mozilla/5.0 (Windows NT 10.0; Win64; x64) AppleWebKit/537.36 (KHTML, like Gecko) Chrome/131.0.0.0 Safari/537.36
sec-fetch-mode: cors
sec-fetch-site: same-site
sec-fetch-dest: empty
referer: http://localhost:4200/
accept-encoding: gzip, deflate, br, zstd
accept-language: vi,en-US;q=0.9,en;q=0.8


Security filter chain: [
  DisableEncodeUrlFilter
  WebAsyncManagerIntegrationFilter
  SecurityContextHolderFilter
  HeaderWriterFilter
  CorsFilter
  LogoutFilter
  JwtTokenFilter
  RequestCacheAwareFilter
  SecurityContextHolderAwareRequestFilter
  AnonymousAuthenticationFilter
  ExceptionTranslationFilter
  AuthorizationFilter
]


************************************************************


2024-12-24 19:59:02.752 [http-nio-8088-exec-3] DEBUG o.s.security.web.FilterChainProxy - Securing OPTIONS /api/v1/users/login
2024-12-24 19:59:02.752 [http-nio-8088-exec-9] INFO  Spring Security Debugger - 

************************************************************

Request received for POST '/api/v1/users/login':

org.apache.catalina.connector.RequestFacade@5e9f156e

servletPath:/api/v1/users/login
pathInfo:null
headers: 
host: localhost:8088
connection: keep-alive
content-length: 61
sec-ch-ua-platform: "Windows"
accept-language: vi
accept: application/json, text/plain, */*
sec-ch-ua: "Google Chrome";v="131", "Chromium";v="131", "Not_A Brand";v="24"
content-type: application/json
sec-ch-ua-mobile: ?0
user-agent: Mozilla/5.0 (Windows NT 10.0; Win64; x64) AppleWebKit/537.36 (KHTML, like Gecko) Chrome/131.0.0.0 Safari/537.36
origin: http://localhost:4200
sec-fetch-site: same-site
sec-fetch-mode: cors
sec-fetch-dest: empty
referer: http://localhost:4200/
accept-encoding: gzip, deflate, br, zstd


Security filter chain: [
  DisableEncodeUrlFilter
  WebAsyncManagerIntegrationFilter
  SecurityContextHolderFilter
  HeaderWriterFilter
  CorsFilter
  LogoutFilter
  JwtTokenFilter
  RequestCacheAwareFilter
  SecurityContextHolderAwareRequestFilter
  AnonymousAuthenticationFilter
  ExceptionTranslationFilter
  AuthorizationFilter
]


************************************************************


2024-12-24 19:59:02.752 [http-nio-8088-exec-9] DEBUG o.s.security.web.FilterChainProxy - Securing POST /api/v1/users/login
2024-12-24 19:59:02.767 [http-nio-8088-exec-9] DEBUG o.s.security.web.FilterChainProxy - Secured POST /api/v1/users/login
2024-12-24 19:59:03.134 [http-nio-8088-exec-9] DEBUG o.s.s.a.d.DaoAuthenticationProvider - Authenticated user
2024-12-24 19:59:03.175 [http-nio-8088-exec-9] DEBUG o.s.s.w.a.AnonymousAuthenticationFilter - Set SecurityContextHolder to anonymous SecurityContext
2024-12-24 19:59:03.179 [http-nio-8088-exec-2] INFO  Spring Security Debugger - 

************************************************************

Request received for OPTIONS '/api/v1/users/details':

org.apache.catalina.connector.RequestFacade@49411aef

servletPath:/api/v1/users/details
pathInfo:null
headers: 
host: localhost:8088
connection: keep-alive
accept: */*
access-control-request-method: POST
access-control-request-headers: authorization,content-type
origin: http://localhost:4200
user-agent: Mozilla/5.0 (Windows NT 10.0; Win64; x64) AppleWebKit/537.36 (KHTML, like Gecko) Chrome/131.0.0.0 Safari/537.36
sec-fetch-mode: cors
sec-fetch-site: same-site
sec-fetch-dest: empty
referer: http://localhost:4200/
accept-encoding: gzip, deflate, br, zstd
accept-language: vi,en-US;q=0.9,en;q=0.8


Security filter chain: [
  DisableEncodeUrlFilter
  WebAsyncManagerIntegrationFilter
  SecurityContextHolderFilter
  HeaderWriterFilter
  CorsFilter
  LogoutFilter
  JwtTokenFilter
  RequestCacheAwareFilter
  SecurityContextHolderAwareRequestFilter
  AnonymousAuthenticationFilter
  ExceptionTranslationFilter
  AuthorizationFilter
]


************************************************************


2024-12-24 19:59:03.182 [http-nio-8088-exec-2] DEBUG o.s.security.web.FilterChainProxy - Securing OPTIONS /api/v1/users/details
2024-12-24 19:59:03.184 [http-nio-8088-exec-6] INFO  Spring Security Debugger - 

************************************************************

Request received for POST '/api/v1/users/details':

org.apache.catalina.connector.RequestFacade@136d6f4b

servletPath:/api/v1/users/details
pathInfo:null
headers: 
host: localhost:8088
connection: keep-alive
content-length: 52
sec-ch-ua-platform: "Windows"
authorization: Bearer eyJhbGciOiJIUzI1NiJ9.eyJwaG9uZU51bWJlciI6IjExMjIzMzQ0IiwidXNlcklkIjozLCJzdWIiOiIxMTIyMzM0NCIsImV4cCI6MTczNzYzNzE0M30.4-FHeRG9v3l-NpMKFIXcJMWvdUk4IMcOccqpRgLsAq8
user-agent: Mozilla/5.0 (Windows NT 10.0; Win64; x64) AppleWebKit/537.36 (KHTML, like Gecko) Chrome/131.0.0.0 Safari/537.36
accept: application/json, text/plain, */*
sec-ch-ua: "Google Chrome";v="131", "Chromium";v="131", "Not_A Brand";v="24"
content-type: application/json
sec-ch-ua-mobile: ?0
origin: http://localhost:4200
sec-fetch-site: same-site
sec-fetch-mode: cors
sec-fetch-dest: empty
referer: http://localhost:4200/
accept-encoding: gzip, deflate, br, zstd
accept-language: vi,en-US;q=0.9,en;q=0.8


Security filter chain: [
  DisableEncodeUrlFilter
  WebAsyncManagerIntegrationFilter
  SecurityContextHolderFilter
  HeaderWriterFilter
  CorsFilter
  LogoutFilter
  JwtTokenFilter
  RequestCacheAwareFilter
  SecurityContextHolderAwareRequestFilter
  AnonymousAuthenticationFilter
  ExceptionTranslationFilter
  AuthorizationFilter
]


************************************************************


2024-12-24 19:59:03.187 [http-nio-8088-exec-6] DEBUG o.s.security.web.FilterChainProxy - Securing POST /api/v1/users/details
2024-12-24 19:59:03.206 [http-nio-8088-exec-6] DEBUG o.s.security.web.FilterChainProxy - Secured POST /api/v1/users/details
2024-12-24 19:59:03.296 [http-nio-8088-exec-1] INFO  Spring Security Debugger - 

************************************************************

Request received for OPTIONS '/api/v1/orders/get-orders-by-keyword?keyword=&page=0&limit=12':

org.apache.catalina.connector.RequestFacade@44947e87

servletPath:/api/v1/orders/get-orders-by-keyword
pathInfo:null
headers: 
host: localhost:8088
connection: keep-alive
accept: */*
access-control-request-method: GET
access-control-request-headers: authorization
origin: http://localhost:4200
user-agent: Mozilla/5.0 (Windows NT 10.0; Win64; x64) AppleWebKit/537.36 (KHTML, like Gecko) Chrome/131.0.0.0 Safari/537.36
sec-fetch-mode: cors
sec-fetch-site: same-site
sec-fetch-dest: empty
referer: http://localhost:4200/
accept-encoding: gzip, deflate, br, zstd
accept-language: vi,en-US;q=0.9,en;q=0.8


Security filter chain: [
  DisableEncodeUrlFilter
  WebAsyncManagerIntegrationFilter
  SecurityContextHolderFilter
  HeaderWriterFilter
  CorsFilter
  LogoutFilter
  JwtTokenFilter
  RequestCacheAwareFilter
  SecurityContextHolderAwareRequestFilter
  AnonymousAuthenticationFilter
  ExceptionTranslationFilter
  AuthorizationFilter
]


************************************************************


2024-12-24 19:59:03.302 [http-nio-8088-exec-1] DEBUG o.s.security.web.FilterChainProxy - Securing OPTIONS /api/v1/orders/get-orders-by-keyword?keyword=&page=0&limit=12
2024-12-24 19:59:03.321 [http-nio-8088-exec-4] INFO  Spring Security Debugger - 

************************************************************

Request received for GET '/api/v1/orders/get-orders-by-keyword?keyword=&page=0&limit=12':

org.apache.catalina.connector.RequestFacade@17da7328

servletPath:/api/v1/orders/get-orders-by-keyword
pathInfo:null
headers: 
host: localhost:8088
connection: keep-alive
sec-ch-ua-platform: "Windows"
authorization: Bearer eyJhbGciOiJIUzI1NiJ9.eyJwaG9uZU51bWJlciI6IjExMjIzMzQ0IiwidXNlcklkIjozLCJzdWIiOiIxMTIyMzM0NCIsImV4cCI6MTczNzYzNzE0M30.4-FHeRG9v3l-NpMKFIXcJMWvdUk4IMcOccqpRgLsAq8
user-agent: Mozilla/5.0 (Windows NT 10.0; Win64; x64) AppleWebKit/537.36 (KHTML, like Gecko) Chrome/131.0.0.0 Safari/537.36
accept: application/json, text/plain, */*
sec-ch-ua: "Google Chrome";v="131", "Chromium";v="131", "Not_A Brand";v="24"
sec-ch-ua-mobile: ?0
origin: http://localhost:4200
sec-fetch-site: same-site
sec-fetch-mode: cors
sec-fetch-dest: empty
referer: http://localhost:4200/
accept-encoding: gzip, deflate, br, zstd
accept-language: vi,en-US;q=0.9,en;q=0.8


Security filter chain: [
  DisableEncodeUrlFilter
  WebAsyncManagerIntegrationFilter
  SecurityContextHolderFilter
  HeaderWriterFilter
  CorsFilter
  LogoutFilter
  JwtTokenFilter
  RequestCacheAwareFilter
  SecurityContextHolderAwareRequestFilter
  AnonymousAuthenticationFilter
  ExceptionTranslationFilter
  AuthorizationFilter
]


************************************************************


2024-12-24 19:59:03.325 [http-nio-8088-exec-4] DEBUG o.s.security.web.FilterChainProxy - Securing GET /api/v1/orders/get-orders-by-keyword?keyword=&page=0&limit=12
2024-12-24 19:59:03.379 [http-nio-8088-exec-4] DEBUG o.s.security.web.FilterChainProxy - Secured GET /api/v1/orders/get-orders-by-keyword?keyword=&page=0&limit=12
2024-12-24 19:59:03.403 [http-nio-8088-exec-4] DEBUG o.s.s.a.i.a.MethodSecurityInterceptor - Authorized ReflectiveMethodInvocation: public org.springframework.http.ResponseEntity com.project.shopapp.controllers.OrderController.getOrdersByKeyword(java.lang.String,int,int); target is of class [com.project.shopapp.controllers.OrderController] with attributes [[authorize: 'hasRole('ROLE_ADMIN')', filter: 'null', filterTarget: 'null']]
2024-12-24 19:59:07.173 [http-nio-8088-exec-8] INFO  Spring Security Debugger - 

************************************************************

Request received for OPTIONS '/api/v1/staff/get-staffs-by-keyword?keyword=&page=0&limit=12':

org.apache.catalina.connector.RequestFacade@4a58c5e6

servletPath:/api/v1/staff/get-staffs-by-keyword
pathInfo:null
headers: 
host: localhost:8088
connection: keep-alive
accept: */*
access-control-request-method: GET
access-control-request-headers: authorization
origin: http://localhost:4200
user-agent: Mozilla/5.0 (Windows NT 10.0; Win64; x64) AppleWebKit/537.36 (KHTML, like Gecko) Chrome/131.0.0.0 Safari/537.36
sec-fetch-mode: cors
sec-fetch-site: same-site
sec-fetch-dest: empty
referer: http://localhost:4200/
accept-encoding: gzip, deflate, br, zstd
accept-language: vi,en-US;q=0.9,en;q=0.8


Security filter chain: [
  DisableEncodeUrlFilter
  WebAsyncManagerIntegrationFilter
  SecurityContextHolderFilter
  HeaderWriterFilter
  CorsFilter
  LogoutFilter
  JwtTokenFilter
  RequestCacheAwareFilter
  SecurityContextHolderAwareRequestFilter
  AnonymousAuthenticationFilter
  ExceptionTranslationFilter
  AuthorizationFilter
]


************************************************************


2024-12-24 19:59:07.189 [http-nio-8088-exec-8] DEBUG o.s.security.web.FilterChainProxy - Securing OPTIONS /api/v1/staff/get-staffs-by-keyword?keyword=&page=0&limit=12
2024-12-24 19:59:07.203 [http-nio-8088-exec-10] INFO  Spring Security Debugger - 

************************************************************

Request received for GET '/api/v1/staff/get-staffs-by-keyword?keyword=&page=0&limit=12':

org.apache.catalina.connector.RequestFacade@79c1846e

servletPath:/api/v1/staff/get-staffs-by-keyword
pathInfo:null
headers: 
host: localhost:8088
connection: keep-alive
sec-ch-ua-platform: "Windows"
authorization: Bearer eyJhbGciOiJIUzI1NiJ9.eyJwaG9uZU51bWJlciI6IjExMjIzMzQ0IiwidXNlcklkIjozLCJzdWIiOiIxMTIyMzM0NCIsImV4cCI6MTczNzYzNzE0M30.4-FHeRG9v3l-NpMKFIXcJMWvdUk4IMcOccqpRgLsAq8
user-agent: Mozilla/5.0 (Windows NT 10.0; Win64; x64) AppleWebKit/537.36 (KHTML, like Gecko) Chrome/131.0.0.0 Safari/537.36
accept: application/json, text/plain, */*
sec-ch-ua: "Google Chrome";v="131", "Chromium";v="131", "Not_A Brand";v="24"
sec-ch-ua-mobile: ?0
origin: http://localhost:4200
sec-fetch-site: same-site
sec-fetch-mode: cors
sec-fetch-dest: empty
referer: http://localhost:4200/
accept-encoding: gzip, deflate, br, zstd
accept-language: vi,en-US;q=0.9,en;q=0.8


Security filter chain: [
  DisableEncodeUrlFilter
  WebAsyncManagerIntegrationFilter
  SecurityContextHolderFilter
  HeaderWriterFilter
  CorsFilter
  LogoutFilter
  JwtTokenFilter
  RequestCacheAwareFilter
  SecurityContextHolderAwareRequestFilter
  AnonymousAuthenticationFilter
  ExceptionTranslationFilter
  AuthorizationFilter
]


************************************************************


2024-12-24 19:59:07.207 [http-nio-8088-exec-10] DEBUG o.s.security.web.FilterChainProxy - Securing GET /api/v1/staff/get-staffs-by-keyword?keyword=&page=0&limit=12
2024-12-24 19:59:07.232 [http-nio-8088-exec-10] DEBUG o.s.security.web.FilterChainProxy - Secured GET /api/v1/staff/get-staffs-by-keyword?keyword=&page=0&limit=12
2024-12-24 19:59:07.774 [http-nio-8088-exec-5] INFO  Spring Security Debugger - 

************************************************************

Request received for OPTIONS '/api/v1/products?keyword=&category_id=0&page=0&limit=12':

org.apache.catalina.connector.RequestFacade@3d7943d0

servletPath:/api/v1/products
pathInfo:null
headers: 
host: localhost:8088
connection: keep-alive
accept: */*
access-control-request-method: GET
access-control-request-headers: authorization
origin: http://localhost:4200
user-agent: Mozilla/5.0 (Windows NT 10.0; Win64; x64) AppleWebKit/537.36 (KHTML, like Gecko) Chrome/131.0.0.0 Safari/537.36
sec-fetch-mode: cors
sec-fetch-site: same-site
sec-fetch-dest: empty
referer: http://localhost:4200/
accept-encoding: gzip, deflate, br, zstd
accept-language: vi,en-US;q=0.9,en;q=0.8


Security filter chain: [
  DisableEncodeUrlFilter
  WebAsyncManagerIntegrationFilter
  SecurityContextHolderFilter
  HeaderWriterFilter
  CorsFilter
  LogoutFilter
  JwtTokenFilter
  RequestCacheAwareFilter
  SecurityContextHolderAwareRequestFilter
  AnonymousAuthenticationFilter
  ExceptionTranslationFilter
  AuthorizationFilter
]


************************************************************


2024-12-24 19:59:07.788 [http-nio-8088-exec-5] DEBUG o.s.security.web.FilterChainProxy - Securing OPTIONS /api/v1/products?keyword=&category_id=0&page=0&limit=12
2024-12-24 19:59:07.794 [http-nio-8088-exec-7] INFO  Spring Security Debugger - 

************************************************************

Request received for GET '/api/v1/products?keyword=&category_id=0&page=0&limit=12':

org.apache.catalina.connector.RequestFacade@4d5ab640

servletPath:/api/v1/products
pathInfo:null
headers: 
host: localhost:8088
connection: keep-alive
sec-ch-ua-platform: "Windows"
authorization: Bearer eyJhbGciOiJIUzI1NiJ9.eyJwaG9uZU51bWJlciI6IjExMjIzMzQ0IiwidXNlcklkIjozLCJzdWIiOiIxMTIyMzM0NCIsImV4cCI6MTczNzYzNzE0M30.4-FHeRG9v3l-NpMKFIXcJMWvdUk4IMcOccqpRgLsAq8
user-agent: Mozilla/5.0 (Windows NT 10.0; Win64; x64) AppleWebKit/537.36 (KHTML, like Gecko) Chrome/131.0.0.0 Safari/537.36
accept: application/json, text/plain, */*
sec-ch-ua: "Google Chrome";v="131", "Chromium";v="131", "Not_A Brand";v="24"
sec-ch-ua-mobile: ?0
origin: http://localhost:4200
sec-fetch-site: same-site
sec-fetch-mode: cors
sec-fetch-dest: empty
referer: http://localhost:4200/
accept-encoding: gzip, deflate, br, zstd
accept-language: vi,en-US;q=0.9,en;q=0.8


Security filter chain: [
  DisableEncodeUrlFilter
  WebAsyncManagerIntegrationFilter
  SecurityContextHolderFilter
  HeaderWriterFilter
  CorsFilter
  LogoutFilter
  JwtTokenFilter
  RequestCacheAwareFilter
  SecurityContextHolderAwareRequestFilter
  AnonymousAuthenticationFilter
  ExceptionTranslationFilter
  AuthorizationFilter
]


************************************************************


2024-12-24 19:59:07.798 [http-nio-8088-exec-7] DEBUG o.s.security.web.FilterChainProxy - Securing GET /api/v1/products?keyword=&category_id=0&page=0&limit=12
2024-12-24 19:59:07.804 [http-nio-8088-exec-7] DEBUG o.s.security.web.FilterChainProxy - Secured GET /api/v1/products?keyword=&category_id=0&page=0&limit=12
2024-12-24 19:59:07.807 [http-nio-8088-exec-7] INFO  c.p.s.controllers.ProductController - keyword = , category_id = 0, page = 0, limit = 12
2024-12-24 19:59:07.875 [http-nio-8088-exec-7] DEBUG o.s.s.w.a.AnonymousAuthenticationFilter - Set SecurityContextHolder to anonymous SecurityContext
2024-12-24 19:59:08.673 [http-nio-8088-exec-3] INFO  Spring Security Debugger - 

************************************************************

Request received for GET '/api/v1/staff/get-staffs-by-keyword?keyword=&page=0&limit=12':

org.apache.catalina.connector.RequestFacade@745bfbb5

servletPath:/api/v1/staff/get-staffs-by-keyword
pathInfo:null
headers: 
host: localhost:8088
connection: keep-alive
sec-ch-ua-platform: "Windows"
authorization: Bearer eyJhbGciOiJIUzI1NiJ9.eyJwaG9uZU51bWJlciI6IjExMjIzMzQ0IiwidXNlcklkIjozLCJzdWIiOiIxMTIyMzM0NCIsImV4cCI6MTczNzYzNzE0M30.4-FHeRG9v3l-NpMKFIXcJMWvdUk4IMcOccqpRgLsAq8
user-agent: Mozilla/5.0 (Windows NT 10.0; Win64; x64) AppleWebKit/537.36 (KHTML, like Gecko) Chrome/131.0.0.0 Safari/537.36
accept: application/json, text/plain, */*
sec-ch-ua: "Google Chrome";v="131", "Chromium";v="131", "Not_A Brand";v="24"
sec-ch-ua-mobile: ?0
origin: http://localhost:4200
sec-fetch-site: same-site
sec-fetch-mode: cors
sec-fetch-dest: empty
referer: http://localhost:4200/
accept-encoding: gzip, deflate, br, zstd
accept-language: vi,en-US;q=0.9,en;q=0.8


Security filter chain: [
  DisableEncodeUrlFilter
  WebAsyncManagerIntegrationFilter
  SecurityContextHolderFilter
  HeaderWriterFilter
  CorsFilter
  LogoutFilter
  JwtTokenFilter
  RequestCacheAwareFilter
  SecurityContextHolderAwareRequestFilter
  AnonymousAuthenticationFilter
  ExceptionTranslationFilter
  AuthorizationFilter
]


************************************************************


2024-12-24 19:59:08.677 [http-nio-8088-exec-3] DEBUG o.s.security.web.FilterChainProxy - Securing GET /api/v1/staff/get-staffs-by-keyword?keyword=&page=0&limit=12
2024-12-24 19:59:08.713 [http-nio-8088-exec-3] DEBUG o.s.security.web.FilterChainProxy - Secured GET /api/v1/staff/get-staffs-by-keyword?keyword=&page=0&limit=12
2024-12-24 19:59:13.003 [http-nio-8088-exec-2] INFO  Spring Security Debugger - 

************************************************************

Request received for OPTIONS '/api/v1/staff/get-staffs-by-keyword?keyword=&page=0&limit=12':

org.apache.catalina.connector.RequestFacade@276c1059

servletPath:/api/v1/staff/get-staffs-by-keyword
pathInfo:null
headers: 
host: localhost:8088
connection: keep-alive
accept: */*
access-control-request-method: GET
access-control-request-headers: authorization
origin: http://localhost:4200
user-agent: Mozilla/5.0 (Windows NT 10.0; Win64; x64) AppleWebKit/537.36 (KHTML, like Gecko) Chrome/131.0.0.0 Safari/537.36
sec-fetch-mode: cors
sec-fetch-site: same-site
sec-fetch-dest: empty
referer: http://localhost:4200/
accept-encoding: gzip, deflate, br, zstd
accept-language: vi,en-US;q=0.9,en;q=0.8


Security filter chain: [
  DisableEncodeUrlFilter
  WebAsyncManagerIntegrationFilter
  SecurityContextHolderFilter
  HeaderWriterFilter
  CorsFilter
  LogoutFilter
  JwtTokenFilter
  RequestCacheAwareFilter
  SecurityContextHolderAwareRequestFilter
  AnonymousAuthenticationFilter
  ExceptionTranslationFilter
  AuthorizationFilter
]


************************************************************


2024-12-24 19:59:13.017 [http-nio-8088-exec-2] DEBUG o.s.security.web.FilterChainProxy - Securing OPTIONS /api/v1/staff/get-staffs-by-keyword?keyword=&page=0&limit=12
2024-12-24 19:59:13.026 [http-nio-8088-exec-6] INFO  Spring Security Debugger - 

************************************************************

Request received for GET '/api/v1/staff/get-staffs-by-keyword?keyword=&page=0&limit=12':

org.apache.catalina.connector.RequestFacade@b11e1e5

servletPath:/api/v1/staff/get-staffs-by-keyword
pathInfo:null
headers: 
host: localhost:8088
connection: keep-alive
sec-ch-ua-platform: "Windows"
authorization: Bearer eyJhbGciOiJIUzI1NiJ9.eyJwaG9uZU51bWJlciI6IjExMjIzMzQ0IiwidXNlcklkIjozLCJzdWIiOiIxMTIyMzM0NCIsImV4cCI6MTczNzYzNzE0M30.4-FHeRG9v3l-NpMKFIXcJMWvdUk4IMcOccqpRgLsAq8
user-agent: Mozilla/5.0 (Windows NT 10.0; Win64; x64) AppleWebKit/537.36 (KHTML, like Gecko) Chrome/131.0.0.0 Safari/537.36
accept: application/json, text/plain, */*
sec-ch-ua: "Google Chrome";v="131", "Chromium";v="131", "Not_A Brand";v="24"
sec-ch-ua-mobile: ?0
origin: http://localhost:4200
sec-fetch-site: same-site
sec-fetch-mode: cors
sec-fetch-dest: empty
referer: http://localhost:4200/
accept-encoding: gzip, deflate, br, zstd
accept-language: vi,en-US;q=0.9,en;q=0.8


Security filter chain: [
  DisableEncodeUrlFilter
  WebAsyncManagerIntegrationFilter
  SecurityContextHolderFilter
  HeaderWriterFilter
  CorsFilter
  LogoutFilter
  JwtTokenFilter
  RequestCacheAwareFilter
  SecurityContextHolderAwareRequestFilter
  AnonymousAuthenticationFilter
  ExceptionTranslationFilter
  AuthorizationFilter
]


************************************************************


2024-12-24 19:59:13.035 [http-nio-8088-exec-6] DEBUG o.s.security.web.FilterChainProxy - Securing GET /api/v1/staff/get-staffs-by-keyword?keyword=&page=0&limit=12
2024-12-24 19:59:13.063 [http-nio-8088-exec-6] DEBUG o.s.security.web.FilterChainProxy - Secured GET /api/v1/staff/get-staffs-by-keyword?keyword=&page=0&limit=12
2024-12-24 19:59:31.118 [http-nio-8088-exec-4] INFO  Spring Security Debugger - 

************************************************************

Request received for OPTIONS '/api/v1/orders/get-orders-by-keyword?keyword=&page=0&limit=12':

org.apache.catalina.connector.RequestFacade@23a0a6f6

servletPath:/api/v1/orders/get-orders-by-keyword
pathInfo:null
headers: 
host: localhost:8088
connection: keep-alive
accept: */*
access-control-request-method: GET
access-control-request-headers: authorization
origin: http://localhost:4200
user-agent: Mozilla/5.0 (Windows NT 10.0; Win64; x64) AppleWebKit/537.36 (KHTML, like Gecko) Chrome/131.0.0.0 Safari/537.36
sec-fetch-mode: cors
sec-fetch-site: same-site
sec-fetch-dest: empty
referer: http://localhost:4200/
accept-encoding: gzip, deflate, br, zstd
accept-language: vi,en-US;q=0.9,en;q=0.8


Security filter chain: [
  DisableEncodeUrlFilter
  WebAsyncManagerIntegrationFilter
  SecurityContextHolderFilter
  HeaderWriterFilter
  CorsFilter
  LogoutFilter
  JwtTokenFilter
  RequestCacheAwareFilter
  SecurityContextHolderAwareRequestFilter
  AnonymousAuthenticationFilter
  ExceptionTranslationFilter
  AuthorizationFilter
]


************************************************************


2024-12-24 19:59:31.120 [http-nio-8088-exec-4] DEBUG o.s.security.web.FilterChainProxy - Securing OPTIONS /api/v1/orders/get-orders-by-keyword?keyword=&page=0&limit=12
2024-12-24 19:59:31.125 [http-nio-8088-exec-8] INFO  Spring Security Debugger - 

************************************************************

Request received for GET '/api/v1/orders/get-orders-by-keyword?keyword=&page=0&limit=12':

org.apache.catalina.connector.RequestFacade@f5a52c9

servletPath:/api/v1/orders/get-orders-by-keyword
pathInfo:null
headers: 
host: localhost:8088
connection: keep-alive
sec-ch-ua-platform: "Windows"
authorization: Bearer eyJhbGciOiJIUzI1NiJ9.eyJwaG9uZU51bWJlciI6IjExMjIzMzQ0IiwidXNlcklkIjozLCJzdWIiOiIxMTIyMzM0NCIsImV4cCI6MTczNzYzNzE0M30.4-FHeRG9v3l-NpMKFIXcJMWvdUk4IMcOccqpRgLsAq8
user-agent: Mozilla/5.0 (Windows NT 10.0; Win64; x64) AppleWebKit/537.36 (KHTML, like Gecko) Chrome/131.0.0.0 Safari/537.36
accept: application/json, text/plain, */*
sec-ch-ua: "Google Chrome";v="131", "Chromium";v="131", "Not_A Brand";v="24"
sec-ch-ua-mobile: ?0
origin: http://localhost:4200
sec-fetch-site: same-site
sec-fetch-mode: cors
sec-fetch-dest: empty
referer: http://localhost:4200/
accept-encoding: gzip, deflate, br, zstd
accept-language: vi,en-US;q=0.9,en;q=0.8


Security filter chain: [
  DisableEncodeUrlFilter
  WebAsyncManagerIntegrationFilter
  SecurityContextHolderFilter
  HeaderWriterFilter
  CorsFilter
  LogoutFilter
  JwtTokenFilter
  RequestCacheAwareFilter
  SecurityContextHolderAwareRequestFilter
  AnonymousAuthenticationFilter
  ExceptionTranslationFilter
  AuthorizationFilter
]


************************************************************


2024-12-24 19:59:31.133 [http-nio-8088-exec-8] DEBUG o.s.security.web.FilterChainProxy - Securing GET /api/v1/orders/get-orders-by-keyword?keyword=&page=0&limit=12
2024-12-24 19:59:31.172 [http-nio-8088-exec-8] DEBUG o.s.security.web.FilterChainProxy - Secured GET /api/v1/orders/get-orders-by-keyword?keyword=&page=0&limit=12
2024-12-24 19:59:31.175 [http-nio-8088-exec-8] DEBUG o.s.s.a.i.a.MethodSecurityInterceptor - Authorized ReflectiveMethodInvocation: public org.springframework.http.ResponseEntity com.project.shopapp.controllers.OrderController.getOrdersByKeyword(java.lang.String,int,int); target is of class [com.project.shopapp.controllers.OrderController] with attributes [[authorize: 'hasRole('ROLE_ADMIN')', filter: 'null', filterTarget: 'null']]
2024-12-24 19:59:33.165 [http-nio-8088-exec-5] INFO  Spring Security Debugger - 

************************************************************

Request received for OPTIONS '/api/v1/products?keyword=&category_id=0&page=0&limit=12':

org.apache.catalina.connector.RequestFacade@267e09ae

servletPath:/api/v1/products
pathInfo:null
headers: 
host: localhost:8088
connection: keep-alive
accept: */*
access-control-request-method: GET
access-control-request-headers: authorization
origin: http://localhost:4200
user-agent: Mozilla/5.0 (Windows NT 10.0; Win64; x64) AppleWebKit/537.36 (KHTML, like Gecko) Chrome/131.0.0.0 Safari/537.36
sec-fetch-mode: cors
sec-fetch-site: same-site
sec-fetch-dest: empty
referer: http://localhost:4200/
accept-encoding: gzip, deflate, br, zstd
accept-language: vi,en-US;q=0.9,en;q=0.8


Security filter chain: [
  DisableEncodeUrlFilter
  WebAsyncManagerIntegrationFilter
  SecurityContextHolderFilter
  HeaderWriterFilter
  CorsFilter
  LogoutFilter
  JwtTokenFilter
  RequestCacheAwareFilter
  SecurityContextHolderAwareRequestFilter
  AnonymousAuthenticationFilter
  ExceptionTranslationFilter
  AuthorizationFilter
]


************************************************************


2024-12-24 19:59:33.168 [http-nio-8088-exec-5] DEBUG o.s.security.web.FilterChainProxy - Securing OPTIONS /api/v1/products?keyword=&category_id=0&page=0&limit=12
2024-12-24 19:59:33.184 [http-nio-8088-exec-7] INFO  Spring Security Debugger - 

************************************************************

Request received for GET '/api/v1/products?keyword=&category_id=0&page=0&limit=12':

org.apache.catalina.connector.RequestFacade@7f604306

servletPath:/api/v1/products
pathInfo:null
headers: 
host: localhost:8088
connection: keep-alive
sec-ch-ua-platform: "Windows"
authorization: Bearer eyJhbGciOiJIUzI1NiJ9.eyJwaG9uZU51bWJlciI6IjExMjIzMzQ0IiwidXNlcklkIjozLCJzdWIiOiIxMTIyMzM0NCIsImV4cCI6MTczNzYzNzE0M30.4-FHeRG9v3l-NpMKFIXcJMWvdUk4IMcOccqpRgLsAq8
user-agent: Mozilla/5.0 (Windows NT 10.0; Win64; x64) AppleWebKit/537.36 (KHTML, like Gecko) Chrome/131.0.0.0 Safari/537.36
accept: application/json, text/plain, */*
sec-ch-ua: "Google Chrome";v="131", "Chromium";v="131", "Not_A Brand";v="24"
sec-ch-ua-mobile: ?0
origin: http://localhost:4200
sec-fetch-site: same-site
sec-fetch-mode: cors
sec-fetch-dest: empty
referer: http://localhost:4200/
accept-encoding: gzip, deflate, br, zstd
accept-language: vi,en-US;q=0.9,en;q=0.8


Security filter chain: [
  DisableEncodeUrlFilter
  WebAsyncManagerIntegrationFilter
  SecurityContextHolderFilter
  HeaderWriterFilter
  CorsFilter
  LogoutFilter
  JwtTokenFilter
  RequestCacheAwareFilter
  SecurityContextHolderAwareRequestFilter
  AnonymousAuthenticationFilter
  ExceptionTranslationFilter
  AuthorizationFilter
]


************************************************************


2024-12-24 19:59:33.188 [http-nio-8088-exec-7] DEBUG o.s.security.web.FilterChainProxy - Securing GET /api/v1/products?keyword=&category_id=0&page=0&limit=12
2024-12-24 19:59:33.193 [http-nio-8088-exec-7] DEBUG o.s.security.web.FilterChainProxy - Secured GET /api/v1/products?keyword=&category_id=0&page=0&limit=12
2024-12-24 19:59:33.195 [http-nio-8088-exec-7] INFO  c.p.s.controllers.ProductController - keyword = , category_id = 0, page = 0, limit = 12
2024-12-24 19:59:33.258 [http-nio-8088-exec-7] DEBUG o.s.s.w.a.AnonymousAuthenticationFilter - Set SecurityContextHolder to anonymous SecurityContext
2024-12-24 19:59:34.035 [http-nio-8088-exec-3] INFO  Spring Security Debugger - 

************************************************************

Request received for OPTIONS '/api/v1/staff/get-staffs-by-keyword?keyword=&page=0&limit=12':

org.apache.catalina.connector.RequestFacade@4f5d976f

servletPath:/api/v1/staff/get-staffs-by-keyword
pathInfo:null
headers: 
host: localhost:8088
connection: keep-alive
accept: */*
access-control-request-method: GET
access-control-request-headers: authorization
origin: http://localhost:4200
user-agent: Mozilla/5.0 (Windows NT 10.0; Win64; x64) AppleWebKit/537.36 (KHTML, like Gecko) Chrome/131.0.0.0 Safari/537.36
sec-fetch-mode: cors
sec-fetch-site: same-site
sec-fetch-dest: empty
referer: http://localhost:4200/
accept-encoding: gzip, deflate, br, zstd
accept-language: vi,en-US;q=0.9,en;q=0.8


Security filter chain: [
  DisableEncodeUrlFilter
  WebAsyncManagerIntegrationFilter
  SecurityContextHolderFilter
  HeaderWriterFilter
  CorsFilter
  LogoutFilter
  JwtTokenFilter
  RequestCacheAwareFilter
  SecurityContextHolderAwareRequestFilter
  AnonymousAuthenticationFilter
  ExceptionTranslationFilter
  AuthorizationFilter
]


************************************************************


2024-12-24 19:59:34.051 [http-nio-8088-exec-3] DEBUG o.s.security.web.FilterChainProxy - Securing OPTIONS /api/v1/staff/get-staffs-by-keyword?keyword=&page=0&limit=12
2024-12-24 19:59:34.056 [http-nio-8088-exec-9] INFO  Spring Security Debugger - 

************************************************************

Request received for GET '/api/v1/staff/get-staffs-by-keyword?keyword=&page=0&limit=12':

org.apache.catalina.connector.RequestFacade@7c0d9ec

servletPath:/api/v1/staff/get-staffs-by-keyword
pathInfo:null
headers: 
host: localhost:8088
connection: keep-alive
sec-ch-ua-platform: "Windows"
authorization: Bearer eyJhbGciOiJIUzI1NiJ9.eyJwaG9uZU51bWJlciI6IjExMjIzMzQ0IiwidXNlcklkIjozLCJzdWIiOiIxMTIyMzM0NCIsImV4cCI6MTczNzYzNzE0M30.4-FHeRG9v3l-NpMKFIXcJMWvdUk4IMcOccqpRgLsAq8
user-agent: Mozilla/5.0 (Windows NT 10.0; Win64; x64) AppleWebKit/537.36 (KHTML, like Gecko) Chrome/131.0.0.0 Safari/537.36
accept: application/json, text/plain, */*
sec-ch-ua: "Google Chrome";v="131", "Chromium";v="131", "Not_A Brand";v="24"
sec-ch-ua-mobile: ?0
origin: http://localhost:4200
sec-fetch-site: same-site
sec-fetch-mode: cors
sec-fetch-dest: empty
referer: http://localhost:4200/
accept-encoding: gzip, deflate, br, zstd
accept-language: vi,en-US;q=0.9,en;q=0.8


Security filter chain: [
  DisableEncodeUrlFilter
  WebAsyncManagerIntegrationFilter
  SecurityContextHolderFilter
  HeaderWriterFilter
  CorsFilter
  LogoutFilter
  JwtTokenFilter
  RequestCacheAwareFilter
  SecurityContextHolderAwareRequestFilter
  AnonymousAuthenticationFilter
  ExceptionTranslationFilter
  AuthorizationFilter
]


************************************************************


2024-12-24 19:59:34.060 [http-nio-8088-exec-9] DEBUG o.s.security.web.FilterChainProxy - Securing GET /api/v1/staff/get-staffs-by-keyword?keyword=&page=0&limit=12
2024-12-24 19:59:34.089 [http-nio-8088-exec-9] DEBUG o.s.security.web.FilterChainProxy - Secured GET /api/v1/staff/get-staffs-by-keyword?keyword=&page=0&limit=12
2024-12-24 20:00:16.665 [http-nio-8088-exec-6] INFO  Spring Security Debugger - 

************************************************************

Request received for OPTIONS '/api/v1/orders/get-orders-by-keyword?keyword=&page=0&limit=12':

org.apache.catalina.connector.RequestFacade@7c5f253c

servletPath:/api/v1/orders/get-orders-by-keyword
pathInfo:null
headers: 
host: localhost:8088
connection: keep-alive
accept: */*
access-control-request-method: GET
access-control-request-headers: authorization
origin: http://localhost:4200
user-agent: Mozilla/5.0 (Windows NT 10.0; Win64; x64) AppleWebKit/537.36 (KHTML, like Gecko) Chrome/131.0.0.0 Safari/537.36
sec-fetch-mode: cors
sec-fetch-site: same-site
sec-fetch-dest: empty
referer: http://localhost:4200/
accept-encoding: gzip, deflate, br, zstd
accept-language: vi,en-US;q=0.9,en;q=0.8


Security filter chain: [
  DisableEncodeUrlFilter
  WebAsyncManagerIntegrationFilter
  SecurityContextHolderFilter
  HeaderWriterFilter
  CorsFilter
  LogoutFilter
  JwtTokenFilter
  RequestCacheAwareFilter
  SecurityContextHolderAwareRequestFilter
  AnonymousAuthenticationFilter
  ExceptionTranslationFilter
  AuthorizationFilter
]


************************************************************


2024-12-24 20:00:16.669 [http-nio-8088-exec-6] DEBUG o.s.security.web.FilterChainProxy - Securing OPTIONS /api/v1/orders/get-orders-by-keyword?keyword=&page=0&limit=12
2024-12-24 20:00:16.683 [http-nio-8088-exec-1] INFO  Spring Security Debugger - 

************************************************************

Request received for GET '/api/v1/orders/get-orders-by-keyword?keyword=&page=0&limit=12':

org.apache.catalina.connector.RequestFacade@40dec56b

servletPath:/api/v1/orders/get-orders-by-keyword
pathInfo:null
headers: 
host: localhost:8088
connection: keep-alive
sec-ch-ua-platform: "Windows"
authorization: Bearer eyJhbGciOiJIUzI1NiJ9.eyJwaG9uZU51bWJlciI6IjExMjIzMzQ0IiwidXNlcklkIjozLCJzdWIiOiIxMTIyMzM0NCIsImV4cCI6MTczNzYzNzE0M30.4-FHeRG9v3l-NpMKFIXcJMWvdUk4IMcOccqpRgLsAq8
user-agent: Mozilla/5.0 (Windows NT 10.0; Win64; x64) AppleWebKit/537.36 (KHTML, like Gecko) Chrome/131.0.0.0 Safari/537.36
accept: application/json, text/plain, */*
sec-ch-ua: "Google Chrome";v="131", "Chromium";v="131", "Not_A Brand";v="24"
sec-ch-ua-mobile: ?0
origin: http://localhost:4200
sec-fetch-site: same-site
sec-fetch-mode: cors
sec-fetch-dest: empty
referer: http://localhost:4200/
accept-encoding: gzip, deflate, br, zstd
accept-language: vi,en-US;q=0.9,en;q=0.8


Security filter chain: [
  DisableEncodeUrlFilter
  WebAsyncManagerIntegrationFilter
  SecurityContextHolderFilter
  HeaderWriterFilter
  CorsFilter
  LogoutFilter
  JwtTokenFilter
  RequestCacheAwareFilter
  SecurityContextHolderAwareRequestFilter
  AnonymousAuthenticationFilter
  ExceptionTranslationFilter
  AuthorizationFilter
]


************************************************************


2024-12-24 20:00:16.683 [http-nio-8088-exec-1] DEBUG o.s.security.web.FilterChainProxy - Securing GET /api/v1/orders/get-orders-by-keyword?keyword=&page=0&limit=12
2024-12-24 20:00:16.734 [http-nio-8088-exec-1] DEBUG o.s.security.web.FilterChainProxy - Secured GET /api/v1/orders/get-orders-by-keyword?keyword=&page=0&limit=12
2024-12-24 20:00:16.737 [http-nio-8088-exec-1] DEBUG o.s.s.a.i.a.MethodSecurityInterceptor - Authorized ReflectiveMethodInvocation: public org.springframework.http.ResponseEntity com.project.shopapp.controllers.OrderController.getOrdersByKeyword(java.lang.String,int,int); target is of class [com.project.shopapp.controllers.OrderController] with attributes [[authorize: 'hasRole('ROLE_ADMIN')', filter: 'null', filterTarget: 'null']]
2024-12-24 20:00:18.355 [http-nio-8088-exec-4] INFO  Spring Security Debugger - 

************************************************************

Request received for OPTIONS '/api/v1/staff/get-staffs-by-keyword?keyword=&page=0&limit=12':

org.apache.catalina.connector.RequestFacade@7f363a81

servletPath:/api/v1/staff/get-staffs-by-keyword
pathInfo:null
headers: 
host: localhost:8088
connection: keep-alive
accept: */*
access-control-request-method: GET
access-control-request-headers: authorization
origin: http://localhost:4200
user-agent: Mozilla/5.0 (Windows NT 10.0; Win64; x64) AppleWebKit/537.36 (KHTML, like Gecko) Chrome/131.0.0.0 Safari/537.36
sec-fetch-mode: cors
sec-fetch-site: same-site
sec-fetch-dest: empty
referer: http://localhost:4200/
accept-encoding: gzip, deflate, br, zstd
accept-language: vi,en-US;q=0.9,en;q=0.8


Security filter chain: [
  DisableEncodeUrlFilter
  WebAsyncManagerIntegrationFilter
  SecurityContextHolderFilter
  HeaderWriterFilter
  CorsFilter
  LogoutFilter
  JwtTokenFilter
  RequestCacheAwareFilter
  SecurityContextHolderAwareRequestFilter
  AnonymousAuthenticationFilter
  ExceptionTranslationFilter
  AuthorizationFilter
]


************************************************************


2024-12-24 20:00:18.357 [http-nio-8088-exec-4] DEBUG o.s.security.web.FilterChainProxy - Securing OPTIONS /api/v1/staff/get-staffs-by-keyword?keyword=&page=0&limit=12
2024-12-24 20:00:18.363 [http-nio-8088-exec-8] INFO  Spring Security Debugger - 

************************************************************

Request received for GET '/api/v1/staff/get-staffs-by-keyword?keyword=&page=0&limit=12':

org.apache.catalina.connector.RequestFacade@200da9fb

servletPath:/api/v1/staff/get-staffs-by-keyword
pathInfo:null
headers: 
host: localhost:8088
connection: keep-alive
sec-ch-ua-platform: "Windows"
authorization: Bearer eyJhbGciOiJIUzI1NiJ9.eyJwaG9uZU51bWJlciI6IjExMjIzMzQ0IiwidXNlcklkIjozLCJzdWIiOiIxMTIyMzM0NCIsImV4cCI6MTczNzYzNzE0M30.4-FHeRG9v3l-NpMKFIXcJMWvdUk4IMcOccqpRgLsAq8
user-agent: Mozilla/5.0 (Windows NT 10.0; Win64; x64) AppleWebKit/537.36 (KHTML, like Gecko) Chrome/131.0.0.0 Safari/537.36
accept: application/json, text/plain, */*
sec-ch-ua: "Google Chrome";v="131", "Chromium";v="131", "Not_A Brand";v="24"
sec-ch-ua-mobile: ?0
origin: http://localhost:4200
sec-fetch-site: same-site
sec-fetch-mode: cors
sec-fetch-dest: empty
referer: http://localhost:4200/
accept-encoding: gzip, deflate, br, zstd
accept-language: vi,en-US;q=0.9,en;q=0.8


Security filter chain: [
  DisableEncodeUrlFilter
  WebAsyncManagerIntegrationFilter
  SecurityContextHolderFilter
  HeaderWriterFilter
  CorsFilter
  LogoutFilter
  JwtTokenFilter
  RequestCacheAwareFilter
  SecurityContextHolderAwareRequestFilter
  AnonymousAuthenticationFilter
  ExceptionTranslationFilter
  AuthorizationFilter
]


************************************************************


2024-12-24 20:00:18.366 [http-nio-8088-exec-8] DEBUG o.s.security.web.FilterChainProxy - Securing GET /api/v1/staff/get-staffs-by-keyword?keyword=&page=0&limit=12
2024-12-24 20:00:18.396 [http-nio-8088-exec-8] DEBUG o.s.security.web.FilterChainProxy - Secured GET /api/v1/staff/get-staffs-by-keyword?keyword=&page=0&limit=12
2024-12-24 20:00:23.569 [http-nio-8088-exec-5] INFO  Spring Security Debugger - 

************************************************************

Request received for OPTIONS '/api/v1/products?keyword=&category_id=0&page=0&limit=12':

org.apache.catalina.connector.RequestFacade@2a0054a4

servletPath:/api/v1/products
pathInfo:null
headers: 
host: localhost:8088
connection: keep-alive
accept: */*
access-control-request-method: GET
access-control-request-headers: authorization
origin: http://localhost:4200
user-agent: Mozilla/5.0 (Windows NT 10.0; Win64; x64) AppleWebKit/537.36 (KHTML, like Gecko) Chrome/131.0.0.0 Safari/537.36
sec-fetch-mode: cors
sec-fetch-site: same-site
sec-fetch-dest: empty
referer: http://localhost:4200/
accept-encoding: gzip, deflate, br, zstd
accept-language: vi,en-US;q=0.9,en;q=0.8


Security filter chain: [
  DisableEncodeUrlFilter
  WebAsyncManagerIntegrationFilter
  SecurityContextHolderFilter
  HeaderWriterFilter
  CorsFilter
  LogoutFilter
  JwtTokenFilter
  RequestCacheAwareFilter
  SecurityContextHolderAwareRequestFilter
  AnonymousAuthenticationFilter
  ExceptionTranslationFilter
  AuthorizationFilter
]


************************************************************


2024-12-24 20:00:23.581 [http-nio-8088-exec-5] DEBUG o.s.security.web.FilterChainProxy - Securing OPTIONS /api/v1/products?keyword=&category_id=0&page=0&limit=12
2024-12-24 20:00:23.591 [http-nio-8088-exec-7] INFO  Spring Security Debugger - 

************************************************************

Request received for GET '/api/v1/products?keyword=&category_id=0&page=0&limit=12':

org.apache.catalina.connector.RequestFacade@5f58b3ab

servletPath:/api/v1/products
pathInfo:null
headers: 
host: localhost:8088
connection: keep-alive
sec-ch-ua-platform: "Windows"
authorization: Bearer eyJhbGciOiJIUzI1NiJ9.eyJwaG9uZU51bWJlciI6IjExMjIzMzQ0IiwidXNlcklkIjozLCJzdWIiOiIxMTIyMzM0NCIsImV4cCI6MTczNzYzNzE0M30.4-FHeRG9v3l-NpMKFIXcJMWvdUk4IMcOccqpRgLsAq8
user-agent: Mozilla/5.0 (Windows NT 10.0; Win64; x64) AppleWebKit/537.36 (KHTML, like Gecko) Chrome/131.0.0.0 Safari/537.36
accept: application/json, text/plain, */*
sec-ch-ua: "Google Chrome";v="131", "Chromium";v="131", "Not_A Brand";v="24"
sec-ch-ua-mobile: ?0
origin: http://localhost:4200
sec-fetch-site: same-site
sec-fetch-mode: cors
sec-fetch-dest: empty
referer: http://localhost:4200/
accept-encoding: gzip, deflate, br, zstd
accept-language: vi,en-US;q=0.9,en;q=0.8


Security filter chain: [
  DisableEncodeUrlFilter
  WebAsyncManagerIntegrationFilter
  SecurityContextHolderFilter
  HeaderWriterFilter
  CorsFilter
  LogoutFilter
  JwtTokenFilter
  RequestCacheAwareFilter
  SecurityContextHolderAwareRequestFilter
  AnonymousAuthenticationFilter
  ExceptionTranslationFilter
  AuthorizationFilter
]


************************************************************


2024-12-24 20:00:23.597 [http-nio-8088-exec-7] DEBUG o.s.security.web.FilterChainProxy - Securing GET /api/v1/products?keyword=&category_id=0&page=0&limit=12
2024-12-24 20:00:23.599 [http-nio-8088-exec-7] DEBUG o.s.security.web.FilterChainProxy - Secured GET /api/v1/products?keyword=&category_id=0&page=0&limit=12
2024-12-24 20:00:23.607 [http-nio-8088-exec-7] INFO  c.p.s.controllers.ProductController - keyword = , category_id = 0, page = 0, limit = 12
2024-12-24 20:00:23.667 [http-nio-8088-exec-7] DEBUG o.s.s.w.a.AnonymousAuthenticationFilter - Set SecurityContextHolder to anonymous SecurityContext
2024-12-24 20:00:24.359 [http-nio-8088-exec-3] INFO  Spring Security Debugger - 

************************************************************

Request received for OPTIONS '/api/v1/staff/get-staffs-by-keyword?keyword=&page=0&limit=12':

org.apache.catalina.connector.RequestFacade@4dbea19e

servletPath:/api/v1/staff/get-staffs-by-keyword
pathInfo:null
headers: 
host: localhost:8088
connection: keep-alive
accept: */*
access-control-request-method: GET
access-control-request-headers: authorization
origin: http://localhost:4200
user-agent: Mozilla/5.0 (Windows NT 10.0; Win64; x64) AppleWebKit/537.36 (KHTML, like Gecko) Chrome/131.0.0.0 Safari/537.36
sec-fetch-mode: cors
sec-fetch-site: same-site
sec-fetch-dest: empty
referer: http://localhost:4200/
accept-encoding: gzip, deflate, br, zstd
accept-language: vi,en-US;q=0.9,en;q=0.8


Security filter chain: [
  DisableEncodeUrlFilter
  WebAsyncManagerIntegrationFilter
  SecurityContextHolderFilter
  HeaderWriterFilter
  CorsFilter
  LogoutFilter
  JwtTokenFilter
  RequestCacheAwareFilter
  SecurityContextHolderAwareRequestFilter
  AnonymousAuthenticationFilter
  ExceptionTranslationFilter
  AuthorizationFilter
]


************************************************************


2024-12-24 20:00:24.362 [http-nio-8088-exec-3] DEBUG o.s.security.web.FilterChainProxy - Securing OPTIONS /api/v1/staff/get-staffs-by-keyword?keyword=&page=0&limit=12
2024-12-24 20:00:24.365 [http-nio-8088-exec-9] INFO  Spring Security Debugger - 

************************************************************

Request received for GET '/api/v1/staff/get-staffs-by-keyword?keyword=&page=0&limit=12':

org.apache.catalina.connector.RequestFacade@70366e46

servletPath:/api/v1/staff/get-staffs-by-keyword
pathInfo:null
headers: 
host: localhost:8088
connection: keep-alive
sec-ch-ua-platform: "Windows"
authorization: Bearer eyJhbGciOiJIUzI1NiJ9.eyJwaG9uZU51bWJlciI6IjExMjIzMzQ0IiwidXNlcklkIjozLCJzdWIiOiIxMTIyMzM0NCIsImV4cCI6MTczNzYzNzE0M30.4-FHeRG9v3l-NpMKFIXcJMWvdUk4IMcOccqpRgLsAq8
user-agent: Mozilla/5.0 (Windows NT 10.0; Win64; x64) AppleWebKit/537.36 (KHTML, like Gecko) Chrome/131.0.0.0 Safari/537.36
accept: application/json, text/plain, */*
sec-ch-ua: "Google Chrome";v="131", "Chromium";v="131", "Not_A Brand";v="24"
sec-ch-ua-mobile: ?0
origin: http://localhost:4200
sec-fetch-site: same-site
sec-fetch-mode: cors
sec-fetch-dest: empty
referer: http://localhost:4200/
accept-encoding: gzip, deflate, br, zstd
accept-language: vi,en-US;q=0.9,en;q=0.8


Security filter chain: [
  DisableEncodeUrlFilter
  WebAsyncManagerIntegrationFilter
  SecurityContextHolderFilter
  HeaderWriterFilter
  CorsFilter
  LogoutFilter
  JwtTokenFilter
  RequestCacheAwareFilter
  SecurityContextHolderAwareRequestFilter
  AnonymousAuthenticationFilter
  ExceptionTranslationFilter
  AuthorizationFilter
]


************************************************************


2024-12-24 20:00:24.370 [http-nio-8088-exec-9] DEBUG o.s.security.web.FilterChainProxy - Securing GET /api/v1/staff/get-staffs-by-keyword?keyword=&page=0&limit=12
2024-12-24 20:00:24.412 [http-nio-8088-exec-9] DEBUG o.s.security.web.FilterChainProxy - Secured GET /api/v1/staff/get-staffs-by-keyword?keyword=&page=0&limit=12
